[0.008s] Invoking command in '/home/aman/ros2_ws/build/examples_rclcpp_minimal_composition': CMAKE_PREFIX_PATH=/opt/ros/humble /usr/bin/cmake --build /home/aman/ros2_ws/build/examples_rclcpp_minimal_composition -- -j16 -l16
[0.033s] [35m[1mConsolidate compiler generated dependencies of target composition_nodes[0m
[0.044s] [ 33%] Built target composition_nodes
[0.051s] [35m[1mConsolidate compiler generated dependencies of target composition_publisher[0m
[0.051s] [35m[1mConsolidate compiler generated dependencies of target composition_subscriber[0m
[0.051s] [35m[1mConsolidate compiler generated dependencies of target composition_composed[0m
[0.062s] [ 88%] Built target composition_composed
[0.062s] [ 88%] Built target composition_publisher
[0.062s] [100%] Built target composition_subscriber
[0.068s] Invoked command in '/home/aman/ros2_ws/build/examples_rclcpp_minimal_composition' returned '0': CMAKE_PREFIX_PATH=/opt/ros/humble /usr/bin/cmake --build /home/aman/ros2_ws/build/examples_rclcpp_minimal_composition -- -j16 -l16
[0.087s] Invoking command in '/home/aman/ros2_ws/build/examples_rclcpp_minimal_composition': CMAKE_PREFIX_PATH=/opt/ros/humble /usr/bin/cmake --install /home/aman/ros2_ws/build/examples_rclcpp_minimal_composition
[0.091s] -- Install configuration: "Release"
[0.091s] -- Execute custom install script
[0.091s] -- Up-to-date symlink: /home/aman/ros2_ws/install/examples_rclcpp_minimal_composition/share/examples_rclcpp_minimal_composition/environment/library_path.sh
[0.091s] -- Up-to-date symlink: /home/aman/ros2_ws/install/examples_rclcpp_minimal_composition/share/examples_rclcpp_minimal_composition/environment/library_path.dsv
[0.091s] -- Up-to-date symlink: /home/aman/ros2_ws/install/examples_rclcpp_minimal_composition/lib/libcomposition_nodes.so
[0.092s] -- Up-to-date symlink: /home/aman/ros2_ws/install/examples_rclcpp_minimal_composition/lib/examples_rclcpp_minimal_composition/composition_publisher
[0.092s] -- Up-to-date symlink: /home/aman/ros2_ws/install/examples_rclcpp_minimal_composition/lib/examples_rclcpp_minimal_composition/composition_subscriber
[0.092s] -- Up-to-date symlink: /home/aman/ros2_ws/install/examples_rclcpp_minimal_composition/lib/examples_rclcpp_minimal_composition/composition_composed
[0.092s] -- Up-to-date symlink: /home/aman/ros2_ws/install/examples_rclcpp_minimal_composition/share/ament_index/resource_index/package_run_dependencies/examples_rclcpp_minimal_composition
[0.092s] -- Up-to-date symlink: /home/aman/ros2_ws/install/examples_rclcpp_minimal_composition/share/ament_index/resource_index/parent_prefix_path/examples_rclcpp_minimal_composition
[0.092s] -- Up-to-date symlink: /home/aman/ros2_ws/install/examples_rclcpp_minimal_composition/share/examples_rclcpp_minimal_composition/environment/ament_prefix_path.sh
[0.092s] -- Up-to-date symlink: /home/aman/ros2_ws/install/examples_rclcpp_minimal_composition/share/examples_rclcpp_minimal_composition/environment/ament_prefix_path.dsv
[0.092s] -- Up-to-date symlink: /home/aman/ros2_ws/install/examples_rclcpp_minimal_composition/share/examples_rclcpp_minimal_composition/environment/path.sh
[0.092s] -- Up-to-date symlink: /home/aman/ros2_ws/install/examples_rclcpp_minimal_composition/share/examples_rclcpp_minimal_composition/environment/path.dsv
[0.092s] -- Up-to-date symlink: /home/aman/ros2_ws/install/examples_rclcpp_minimal_composition/share/examples_rclcpp_minimal_composition/local_setup.bash
[0.092s] -- Up-to-date symlink: /home/aman/ros2_ws/install/examples_rclcpp_minimal_composition/share/examples_rclcpp_minimal_composition/local_setup.sh
[0.092s] -- Up-to-date symlink: /home/aman/ros2_ws/install/examples_rclcpp_minimal_composition/share/examples_rclcpp_minimal_composition/local_setup.zsh
[0.092s] -- Up-to-date symlink: /home/aman/ros2_ws/install/examples_rclcpp_minimal_composition/share/examples_rclcpp_minimal_composition/local_setup.dsv
[0.092s] -- Symlinking: /home/aman/ros2_ws/install/examples_rclcpp_minimal_composition/share/examples_rclcpp_minimal_composition/package.dsv
[0.098s] -- Up-to-date symlink: /home/aman/ros2_ws/install/examples_rclcpp_minimal_composition/share/ament_index/resource_index/packages/examples_rclcpp_minimal_composition
[0.098s] -- Up-to-date symlink: /home/aman/ros2_ws/install/examples_rclcpp_minimal_composition/share/examples_rclcpp_minimal_composition/cmake/examples_rclcpp_minimal_compositionConfig.cmake
[0.098s] -- Up-to-date symlink: /home/aman/ros2_ws/install/examples_rclcpp_minimal_composition/share/examples_rclcpp_minimal_composition/cmake/examples_rclcpp_minimal_compositionConfig-version.cmake
[0.098s] -- Up-to-date symlink: /home/aman/ros2_ws/install/examples_rclcpp_minimal_composition/share/examples_rclcpp_minimal_composition/package.xml
[0.099s] Invoked command in '/home/aman/ros2_ws/build/examples_rclcpp_minimal_composition' returned '0': CMAKE_PREFIX_PATH=/opt/ros/humble /usr/bin/cmake --install /home/aman/ros2_ws/build/examples_rclcpp_minimal_composition
