[0.009s] Invoking command in '/home/aman/ros2_ws/build/examples_rclcpp_minimal_timer': CMAKE_PREFIX_PATH=${CMAKE_PREFIX_PATH}:/home/aman/install/launch_testing_examples:/home/aman/install/examples_rclpy_pointcloud_publisher:/home/aman/install/examples_rclpy_minimal_subscriber:/home/aman/install/examples_rclpy_minimal_service:/home/aman/install/examples_rclpy_minimal_publisher:/home/aman/install/examples_rclpy_minimal_client:/home/aman/install/examples_rclpy_minimal_action_server:/home/aman/install/examples_rclpy_minimal_action_client:/home/aman/install/examples_rclpy_guard_conditions:/home/aman/install/examples_rclpy_executors:/opt/ros/humble /usr/bin/cmake --build /home/aman/ros2_ws/build/examples_rclcpp_minimal_timer -- -j16 -l16
[0.075s] [ 25%] [32mBuilding CXX object CMakeFiles/timer_member_function.dir/member_function.cpp.o[0m
[0.075s] [ 50%] [32mBuilding CXX object CMakeFiles/timer_lambda.dir/lambda.cpp.o[0m
[3.567s] [ 75%] [32m[1mLinking CXX executable timer_lambda[0m
[3.717s] [ 75%] Built target timer_lambda
[3.853s] [100%] [32m[1mLinking CXX executable timer_member_function[0m
[4.020s] [100%] Built target timer_member_function
[4.034s] Invoked command in '/home/aman/ros2_ws/build/examples_rclcpp_minimal_timer' returned '0': CMAKE_PREFIX_PATH=${CMAKE_PREFIX_PATH}:/home/aman/install/launch_testing_examples:/home/aman/install/examples_rclpy_pointcloud_publisher:/home/aman/install/examples_rclpy_minimal_subscriber:/home/aman/install/examples_rclpy_minimal_service:/home/aman/install/examples_rclpy_minimal_publisher:/home/aman/install/examples_rclpy_minimal_client:/home/aman/install/examples_rclpy_minimal_action_server:/home/aman/install/examples_rclpy_minimal_action_client:/home/aman/install/examples_rclpy_guard_conditions:/home/aman/install/examples_rclpy_executors:/opt/ros/humble /usr/bin/cmake --build /home/aman/ros2_ws/build/examples_rclcpp_minimal_timer -- -j16 -l16
[4.063s] Invoking command in '/home/aman/ros2_ws/build/examples_rclcpp_minimal_timer': CMAKE_PREFIX_PATH=${CMAKE_PREFIX_PATH}:/home/aman/install/launch_testing_examples:/home/aman/install/examples_rclpy_pointcloud_publisher:/home/aman/install/examples_rclpy_minimal_subscriber:/home/aman/install/examples_rclpy_minimal_service:/home/aman/install/examples_rclpy_minimal_publisher:/home/aman/install/examples_rclpy_minimal_client:/home/aman/install/examples_rclpy_minimal_action_server:/home/aman/install/examples_rclpy_minimal_action_client:/home/aman/install/examples_rclpy_guard_conditions:/home/aman/install/examples_rclpy_executors:/opt/ros/humble /usr/bin/cmake --install /home/aman/ros2_ws/build/examples_rclcpp_minimal_timer
[4.071s] -- Install configuration: ""
[4.071s] -- Execute custom install script
[4.072s] -- Symlinking: /home/aman/ros2_ws/install/examples_rclcpp_minimal_timer/lib/examples_rclcpp_minimal_timer/timer_lambda
[4.082s] -- Symlinking: /home/aman/ros2_ws/install/examples_rclcpp_minimal_timer/lib/examples_rclcpp_minimal_timer/timer_member_function
[4.093s] -- Symlinking: /home/aman/ros2_ws/install/examples_rclcpp_minimal_timer/share/ament_index/resource_index/package_run_dependencies/examples_rclcpp_minimal_timer
[4.102s] -- Symlinking: /home/aman/ros2_ws/install/examples_rclcpp_minimal_timer/share/ament_index/resource_index/parent_prefix_path/examples_rclcpp_minimal_timer
[4.113s] -- Symlinking: /home/aman/ros2_ws/install/examples_rclcpp_minimal_timer/share/examples_rclcpp_minimal_timer/environment/ament_prefix_path.sh
[4.124s] -- Symlinking: /home/aman/ros2_ws/install/examples_rclcpp_minimal_timer/share/examples_rclcpp_minimal_timer/environment/ament_prefix_path.dsv
[4.135s] -- Symlinking: /home/aman/ros2_ws/install/examples_rclcpp_minimal_timer/share/examples_rclcpp_minimal_timer/environment/path.sh
[4.146s] -- Symlinking: /home/aman/ros2_ws/install/examples_rclcpp_minimal_timer/share/examples_rclcpp_minimal_timer/environment/path.dsv
[4.157s] -- Symlinking: /home/aman/ros2_ws/install/examples_rclcpp_minimal_timer/share/examples_rclcpp_minimal_timer/local_setup.bash
[4.167s] -- Symlinking: /home/aman/ros2_ws/install/examples_rclcpp_minimal_timer/share/examples_rclcpp_minimal_timer/local_setup.sh
[4.178s] -- Symlinking: /home/aman/ros2_ws/install/examples_rclcpp_minimal_timer/share/examples_rclcpp_minimal_timer/local_setup.zsh
[4.189s] -- Symlinking: /home/aman/ros2_ws/install/examples_rclcpp_minimal_timer/share/examples_rclcpp_minimal_timer/local_setup.dsv
[4.200s] -- Symlinking: /home/aman/ros2_ws/install/examples_rclcpp_minimal_timer/share/examples_rclcpp_minimal_timer/package.dsv
[4.211s] -- Symlinking: /home/aman/ros2_ws/install/examples_rclcpp_minimal_timer/share/ament_index/resource_index/packages/examples_rclcpp_minimal_timer
[4.223s] -- Symlinking: /home/aman/ros2_ws/install/examples_rclcpp_minimal_timer/share/examples_rclcpp_minimal_timer/cmake/examples_rclcpp_minimal_timerConfig.cmake
[4.234s] -- Symlinking: /home/aman/ros2_ws/install/examples_rclcpp_minimal_timer/share/examples_rclcpp_minimal_timer/cmake/examples_rclcpp_minimal_timerConfig-version.cmake
[4.246s] -- Symlinking: /home/aman/ros2_ws/install/examples_rclcpp_minimal_timer/share/examples_rclcpp_minimal_timer/package.xml
[4.260s] Invoked command in '/home/aman/ros2_ws/build/examples_rclcpp_minimal_timer' returned '0': CMAKE_PREFIX_PATH=${CMAKE_PREFIX_PATH}:/home/aman/install/launch_testing_examples:/home/aman/install/examples_rclpy_pointcloud_publisher:/home/aman/install/examples_rclpy_minimal_subscriber:/home/aman/install/examples_rclpy_minimal_service:/home/aman/install/examples_rclpy_minimal_publisher:/home/aman/install/examples_rclpy_minimal_client:/home/aman/install/examples_rclpy_minimal_action_server:/home/aman/install/examples_rclpy_minimal_action_client:/home/aman/install/examples_rclpy_guard_conditions:/home/aman/install/examples_rclpy_executors:/opt/ros/humble /usr/bin/cmake --install /home/aman/ros2_ws/build/examples_rclcpp_minimal_timer
