[0.012s] Invoking command in '/home/aman/ros2_ws/build/examples_rclcpp_minimal_service': CMAKE_PREFIX_PATH=${CMAKE_PREFIX_PATH}:/home/aman/install/launch_testing_examples:/home/aman/install/examples_rclpy_pointcloud_publisher:/home/aman/install/examples_rclpy_minimal_subscriber:/home/aman/install/examples_rclpy_minimal_service:/home/aman/install/examples_rclpy_minimal_publisher:/home/aman/install/examples_rclpy_minimal_client:/home/aman/install/examples_rclpy_minimal_action_server:/home/aman/install/examples_rclpy_minimal_action_client:/home/aman/install/examples_rclpy_guard_conditions:/home/aman/install/examples_rclpy_executors:/opt/ros/humble /usr/bin/cmake --build /home/aman/ros2_ws/build/examples_rclcpp_minimal_service -- -j16 -l16
[0.087s] [ 50%] [32mBuilding CXX object CMakeFiles/service_main.dir/main.cpp.o[0m
[3.789s] [100%] [32m[1mLinking CXX executable service_main[0m
[3.890s] [100%] Built target service_main
[3.903s] Invoked command in '/home/aman/ros2_ws/build/examples_rclcpp_minimal_service' returned '0': CMAKE_PREFIX_PATH=${CMAKE_PREFIX_PATH}:/home/aman/install/launch_testing_examples:/home/aman/install/examples_rclpy_pointcloud_publisher:/home/aman/install/examples_rclpy_minimal_subscriber:/home/aman/install/examples_rclpy_minimal_service:/home/aman/install/examples_rclpy_minimal_publisher:/home/aman/install/examples_rclpy_minimal_client:/home/aman/install/examples_rclpy_minimal_action_server:/home/aman/install/examples_rclpy_minimal_action_client:/home/aman/install/examples_rclpy_guard_conditions:/home/aman/install/examples_rclpy_executors:/opt/ros/humble /usr/bin/cmake --build /home/aman/ros2_ws/build/examples_rclcpp_minimal_service -- -j16 -l16
[3.925s] Invoking command in '/home/aman/ros2_ws/build/examples_rclcpp_minimal_service': CMAKE_PREFIX_PATH=${CMAKE_PREFIX_PATH}:/home/aman/install/launch_testing_examples:/home/aman/install/examples_rclpy_pointcloud_publisher:/home/aman/install/examples_rclpy_minimal_subscriber:/home/aman/install/examples_rclpy_minimal_service:/home/aman/install/examples_rclpy_minimal_publisher:/home/aman/install/examples_rclpy_minimal_client:/home/aman/install/examples_rclpy_minimal_action_server:/home/aman/install/examples_rclpy_minimal_action_client:/home/aman/install/examples_rclpy_guard_conditions:/home/aman/install/examples_rclpy_executors:/opt/ros/humble /usr/bin/cmake --install /home/aman/ros2_ws/build/examples_rclcpp_minimal_service
[3.932s] -- Install configuration: "Release"
[3.933s] -- Execute custom install script
[3.934s] -- Up-to-date symlink: /home/aman/ros2_ws/install/examples_rclcpp_minimal_service/lib/examples_rclcpp_minimal_service/service_main
[3.934s] -- Up-to-date symlink: /home/aman/ros2_ws/install/examples_rclcpp_minimal_service/share/ament_index/resource_index/package_run_dependencies/examples_rclcpp_minimal_service
[3.935s] -- Up-to-date symlink: /home/aman/ros2_ws/install/examples_rclcpp_minimal_service/share/ament_index/resource_index/parent_prefix_path/examples_rclcpp_minimal_service
[3.935s] -- Up-to-date symlink: /home/aman/ros2_ws/install/examples_rclcpp_minimal_service/share/examples_rclcpp_minimal_service/environment/ament_prefix_path.sh
[3.936s] -- Up-to-date symlink: /home/aman/ros2_ws/install/examples_rclcpp_minimal_service/share/examples_rclcpp_minimal_service/environment/ament_prefix_path.dsv
[3.936s] -- Up-to-date symlink: /home/aman/ros2_ws/install/examples_rclcpp_minimal_service/share/examples_rclcpp_minimal_service/environment/path.sh
[3.936s] -- Up-to-date symlink: /home/aman/ros2_ws/install/examples_rclcpp_minimal_service/share/examples_rclcpp_minimal_service/environment/path.dsv
[3.937s] -- Up-to-date symlink: /home/aman/ros2_ws/install/examples_rclcpp_minimal_service/share/examples_rclcpp_minimal_service/local_setup.bash
[3.937s] -- Up-to-date symlink: /home/aman/ros2_ws/install/examples_rclcpp_minimal_service/share/examples_rclcpp_minimal_service/local_setup.sh
[3.937s] -- Up-to-date symlink: /home/aman/ros2_ws/install/examples_rclcpp_minimal_service/share/examples_rclcpp_minimal_service/local_setup.zsh
[3.938s] -- Up-to-date symlink: /home/aman/ros2_ws/install/examples_rclcpp_minimal_service/share/examples_rclcpp_minimal_service/local_setup.dsv
[3.938s] -- Symlinking: /home/aman/ros2_ws/install/examples_rclcpp_minimal_service/share/examples_rclcpp_minimal_service/package.dsv
[3.946s] -- Up-to-date symlink: /home/aman/ros2_ws/install/examples_rclcpp_minimal_service/share/ament_index/resource_index/packages/examples_rclcpp_minimal_service
[3.946s] -- Up-to-date symlink: /home/aman/ros2_ws/install/examples_rclcpp_minimal_service/share/examples_rclcpp_minimal_service/cmake/examples_rclcpp_minimal_serviceConfig.cmake
[3.946s] -- Up-to-date symlink: /home/aman/ros2_ws/install/examples_rclcpp_minimal_service/share/examples_rclcpp_minimal_service/cmake/examples_rclcpp_minimal_serviceConfig-version.cmake
[3.947s] -- Up-to-date symlink: /home/aman/ros2_ws/install/examples_rclcpp_minimal_service/share/examples_rclcpp_minimal_service/package.xml
[3.950s] Invoked command in '/home/aman/ros2_ws/build/examples_rclcpp_minimal_service' returned '0': CMAKE_PREFIX_PATH=${CMAKE_PREFIX_PATH}:/home/aman/install/launch_testing_examples:/home/aman/install/examples_rclpy_pointcloud_publisher:/home/aman/install/examples_rclpy_minimal_subscriber:/home/aman/install/examples_rclpy_minimal_service:/home/aman/install/examples_rclpy_minimal_publisher:/home/aman/install/examples_rclpy_minimal_client:/home/aman/install/examples_rclpy_minimal_action_server:/home/aman/install/examples_rclpy_minimal_action_client:/home/aman/install/examples_rclpy_guard_conditions:/home/aman/install/examples_rclpy_executors:/opt/ros/humble /usr/bin/cmake --install /home/aman/ros2_ws/build/examples_rclcpp_minimal_service
