[0.045s] Invoking command in '/home/aman/ros2_ws/build/examples_rclcpp_minimal_client': CMAKE_PREFIX_PATH=/opt/ros/humble /usr/bin/cmake /home/aman/ros2_ws/src/examples/rclcpp/services/minimal_client -DAMENT_CMAKE_SYMLINK_INSTALL=1 -DCMAKE_INSTALL_PREFIX=/home/aman/ros2_ws/install/examples_rclcpp_minimal_client
[1.231s] -- The C compiler identification is GNU 11.4.0
[1.232s] -- The CXX compiler identification is GNU 11.4.0
[1.232s] -- Detecting C compiler ABI info
[1.232s] -- Detecting C compiler ABI info - done
[1.232s] -- Check for working C compiler: /usr/bin/cc - skipped
[1.232s] -- Detecting C compile features
[1.232s] -- Detecting C compile features - done
[1.232s] -- Detecting CXX compiler ABI info
[1.232s] -- Detecting CXX compiler ABI info - done
[1.232s] -- Check for working CXX compiler: /usr/bin/c++ - skipped
[1.232s] -- Detecting CXX compile features
[1.232s] -- Detecting CXX compile features - done
[1.232s] -- Found ament_cmake: 1.3.9 (/opt/ros/humble/share/ament_cmake/cmake)
[1.233s] -- Found Python3: /usr/bin/python3 (found version "3.10.12") found components: Interpreter 
[1.233s] -- Override CMake install command with custom implementation using symlinks instead of copying resources
[1.233s] -- Found example_interfaces: 0.9.3 (/opt/ros/humble/share/example_interfaces/cmake)
[1.233s] -- Found rosidl_generator_c: 3.1.5 (/opt/ros/humble/share/rosidl_generator_c/cmake)
[1.233s] -- Found rosidl_adapter: 3.1.5 (/opt/ros/humble/share/rosidl_adapter/cmake)
[1.233s] -- Found rosidl_generator_cpp: 3.1.5 (/opt/ros/humble/share/rosidl_generator_cpp/cmake)
[1.233s] -- Using all available rosidl_typesupport_c: rosidl_typesupport_fastrtps_c;rosidl_typesupport_introspection_c
[1.233s] -- Using all available rosidl_typesupport_cpp: rosidl_typesupport_fastrtps_cpp;rosidl_typesupport_introspection_cpp
[1.233s] -- Found rclcpp: 16.0.9 (/opt/ros/humble/share/rclcpp/cmake)
[1.233s] -- Found rmw_implementation_cmake: 6.1.2 (/opt/ros/humble/share/rmw_implementation_cmake/cmake)
[1.233s] -- Found rmw_fastrtps_cpp: 6.2.6 (/opt/ros/humble/share/rmw_fastrtps_cpp/cmake)
[1.233s] -- Found OpenSSL: /usr/lib/x86_64-linux-gnu/libcrypto.so (found version "3.0.2")  
[1.233s] -- Found FastRTPS: /opt/ros/humble/include  
[1.233s] -- Using RMW implementation 'rmw_fastrtps_cpp' as default
[1.234s] -- Looking for pthread.h
[1.339s] -- Looking for pthread.h - found
[1.339s] -- Performing Test CMAKE_HAVE_LIBC_PTHREAD
[1.433s] -- Performing Test CMAKE_HAVE_LIBC_PTHREAD - Success
[1.435s] -- Found Threads: TRUE  
[1.690s] -- Found ament_lint_auto: 0.12.11 (/opt/ros/humble/share/ament_lint_auto/cmake)
[1.824s] -- Added test 'copyright' to check source files copyright and LICENSE
[1.826s] -- Added test 'cppcheck' to perform static code analysis on C / C++ code
[1.826s] -- Configured cppcheck include dirs: 
[1.826s] -- Configured cppcheck exclude dirs and/or files: 
[1.829s] -- Added test 'cpplint' to check C / C++ code against the Google style
[1.829s] -- Configured cpplint exclude dirs and/or files: 
[1.847s] -- Added test 'lint_cmake' to check CMake code style
[1.849s] -- Added test 'uncrustify' to check C / C++ code style
[1.849s] -- Configured uncrustify additional arguments: 
[1.850s] -- Added test 'xmllint' to check XML markup files
[1.850s] -- Configuring done
[1.850s] -- Generating done
[1.850s] -- Build files have been written to: /home/aman/ros2_ws/build/examples_rclcpp_minimal_client
[1.943s] Invoked command in '/home/aman/ros2_ws/build/examples_rclcpp_minimal_client' returned '0': CMAKE_PREFIX_PATH=/opt/ros/humble /usr/bin/cmake /home/aman/ros2_ws/src/examples/rclcpp/services/minimal_client -DAMENT_CMAKE_SYMLINK_INSTALL=1 -DCMAKE_INSTALL_PREFIX=/home/aman/ros2_ws/install/examples_rclcpp_minimal_client
[1.943s] Invoking command in '/home/aman/ros2_ws/build/examples_rclcpp_minimal_client': CMAKE_PREFIX_PATH=/opt/ros/humble /usr/bin/cmake --build /home/aman/ros2_ws/build/examples_rclcpp_minimal_client -- -j16 -l16
[2.279s] [ 50%] [32mBuilding CXX object CMakeFiles/client_main.dir/main.cpp.o[0m
