[0.376s] Invoking command in '/home/aman/ros2_ws/build/examples_rclpy_executors': PYTHONPATH=/home/aman/ros2_ws/build/examples_rclpy_executors/prefix_override:/usr/lib/python3/dist-packages/colcon_core/task/python/colcon_distutils_commands:/home/aman/ros2_ws/install/examples_rclpy_executors/lib/python3.10/site-packages:${PYTHONPATH} /usr/bin/python3 -W ignore:setup.py install is deprecated setup.py develop --editable --build-directory /home/aman/ros2_ws/build/examples_rclpy_executors/build --no-deps symlink_data
[0.515s] running develop
[0.594s] running egg_info
[0.594s] writing examples_rclpy_executors.egg-info/PKG-INFO
[0.594s] writing dependency_links to examples_rclpy_executors.egg-info/dependency_links.txt
[0.594s] writing entry points to examples_rclpy_executors.egg-info/entry_points.txt
[0.595s] writing requirements to examples_rclpy_executors.egg-info/requires.txt
[0.595s] writing top-level names to examples_rclpy_executors.egg-info/top_level.txt
[0.615s] reading manifest file 'examples_rclpy_executors.egg-info/SOURCES.txt'
[0.616s] writing manifest file 'examples_rclpy_executors.egg-info/SOURCES.txt'
[0.640s] running build_ext
[0.640s] Creating /home/aman/ros2_ws/install/examples_rclpy_executors/lib/python3.10/site-packages/examples-rclpy-executors.egg-link (link to .)
[0.641s] Installing callback_group script to /home/aman/ros2_ws/install/examples_rclpy_executors/lib/examples_rclpy_executors
[0.641s] Installing composed script to /home/aman/ros2_ws/install/examples_rclpy_executors/lib/examples_rclpy_executors
[0.641s] Installing custom_callback_group script to /home/aman/ros2_ws/install/examples_rclpy_executors/lib/examples_rclpy_executors
[0.641s] Installing custom_executor script to /home/aman/ros2_ws/install/examples_rclpy_executors/lib/examples_rclpy_executors
[0.641s] Installing listener script to /home/aman/ros2_ws/install/examples_rclpy_executors/lib/examples_rclpy_executors
[0.641s] Installing talker script to /home/aman/ros2_ws/install/examples_rclpy_executors/lib/examples_rclpy_executors
[0.641s] 
[0.641s] Installed /home/aman/ros2_ws/build/examples_rclpy_executors
[0.641s] running symlink_data
[0.661s] Invoked command in '/home/aman/ros2_ws/build/examples_rclpy_executors' returned '0': PYTHONPATH=/home/aman/ros2_ws/build/examples_rclpy_executors/prefix_override:/usr/lib/python3/dist-packages/colcon_core/task/python/colcon_distutils_commands:/home/aman/ros2_ws/install/examples_rclpy_executors/lib/python3.10/site-packages:${PYTHONPATH} /usr/bin/python3 -W ignore:setup.py install is deprecated setup.py develop --editable --build-directory /home/aman/ros2_ws/build/examples_rclpy_executors/build --no-deps symlink_data
