[0.007s] Invoking command in '/home/aman/ros2_ws/build/zed_ros2': AMENT_PREFIX_PATH=/home/aman/ros2_ws/install/zed_wrapper:/home/aman/ros2_ws/install/zed_components:/home/aman/ros2_ws/install/zed_interfaces:${AMENT_PREFIX_PATH} CMAKE_PREFIX_PATH=/home/aman/ros2_ws/install/zed_wrapper:/home/aman/ros2_ws/install/zed_components:/home/aman/ros2_ws/install/zed_interfaces:/opt/ros/humble LD_LIBRARY_PATH=/home/aman/ros2_ws/install/zed_components/lib:/home/aman/ros2_ws/install/zed_interfaces/lib:${LD_LIBRARY_PATH} PYTHONPATH=/home/aman/ros2_ws/install/zed_interfaces/local/lib/python3.10/dist-packages:${PYTHONPATH} /usr/bin/cmake --build /home/aman/ros2_ws/build/zed_ros2 -- -j16 -l16
[0.031s] Invoked command in '/home/aman/ros2_ws/build/zed_ros2' returned '0': AMENT_PREFIX_PATH=/home/aman/ros2_ws/install/zed_wrapper:/home/aman/ros2_ws/install/zed_components:/home/aman/ros2_ws/install/zed_interfaces:${AMENT_PREFIX_PATH} CMAKE_PREFIX_PATH=/home/aman/ros2_ws/install/zed_wrapper:/home/aman/ros2_ws/install/zed_components:/home/aman/ros2_ws/install/zed_interfaces:/opt/ros/humble LD_LIBRARY_PATH=/home/aman/ros2_ws/install/zed_components/lib:/home/aman/ros2_ws/install/zed_interfaces/lib:${LD_LIBRARY_PATH} PYTHONPATH=/home/aman/ros2_ws/install/zed_interfaces/local/lib/python3.10/dist-packages:${PYTHONPATH} /usr/bin/cmake --build /home/aman/ros2_ws/build/zed_ros2 -- -j16 -l16
[0.044s] Invoking command in '/home/aman/ros2_ws/build/zed_ros2': AMENT_PREFIX_PATH=/home/aman/ros2_ws/install/zed_wrapper:/home/aman/ros2_ws/install/zed_components:/home/aman/ros2_ws/install/zed_interfaces:${AMENT_PREFIX_PATH} CMAKE_PREFIX_PATH=/home/aman/ros2_ws/install/zed_wrapper:/home/aman/ros2_ws/install/zed_components:/home/aman/ros2_ws/install/zed_interfaces:/opt/ros/humble LD_LIBRARY_PATH=/home/aman/ros2_ws/install/zed_components/lib:/home/aman/ros2_ws/install/zed_interfaces/lib:${LD_LIBRARY_PATH} PYTHONPATH=/home/aman/ros2_ws/install/zed_interfaces/local/lib/python3.10/dist-packages:${PYTHONPATH} /usr/bin/cmake --install /home/aman/ros2_ws/build/zed_ros2
[0.051s] -- Install configuration: "Release"
[0.051s] -- Execute custom install script
[0.051s] -- Up-to-date symlink: /home/aman/ros2_ws/install/zed_ros2/share/ament_index/resource_index/package_run_dependencies/zed_ros2
[0.051s] -- Up-to-date symlink: /home/aman/ros2_ws/install/zed_ros2/share/ament_index/resource_index/parent_prefix_path/zed_ros2
[0.051s] -- Up-to-date symlink: /home/aman/ros2_ws/install/zed_ros2/share/zed_ros2/environment/ament_prefix_path.sh
[0.051s] -- Up-to-date symlink: /home/aman/ros2_ws/install/zed_ros2/share/zed_ros2/environment/ament_prefix_path.dsv
[0.052s] -- Up-to-date symlink: /home/aman/ros2_ws/install/zed_ros2/share/zed_ros2/environment/path.sh
[0.052s] -- Up-to-date symlink: /home/aman/ros2_ws/install/zed_ros2/share/zed_ros2/environment/path.dsv
[0.052s] -- Up-to-date symlink: /home/aman/ros2_ws/install/zed_ros2/share/zed_ros2/local_setup.bash
[0.052s] -- Up-to-date symlink: /home/aman/ros2_ws/install/zed_ros2/share/zed_ros2/local_setup.sh
[0.052s] -- Up-to-date symlink: /home/aman/ros2_ws/install/zed_ros2/share/zed_ros2/local_setup.zsh
[0.052s] -- Up-to-date symlink: /home/aman/ros2_ws/install/zed_ros2/share/zed_ros2/local_setup.dsv
[0.052s] -- Symlinking: /home/aman/ros2_ws/install/zed_ros2/share/zed_ros2/package.dsv
[0.059s] -- Up-to-date symlink: /home/aman/ros2_ws/install/zed_ros2/share/ament_index/resource_index/packages/zed_ros2
[0.059s] -- Up-to-date symlink: /home/aman/ros2_ws/install/zed_ros2/share/zed_ros2/cmake/zed_ros2Config.cmake
[0.059s] -- Up-to-date symlink: /home/aman/ros2_ws/install/zed_ros2/share/zed_ros2/cmake/zed_ros2Config-version.cmake
[0.059s] -- Up-to-date symlink: /home/aman/ros2_ws/install/zed_ros2/share/zed_ros2/package.xml
[0.061s] Invoked command in '/home/aman/ros2_ws/build/zed_ros2' returned '0': AMENT_PREFIX_PATH=/home/aman/ros2_ws/install/zed_wrapper:/home/aman/ros2_ws/install/zed_components:/home/aman/ros2_ws/install/zed_interfaces:${AMENT_PREFIX_PATH} CMAKE_PREFIX_PATH=/home/aman/ros2_ws/install/zed_wrapper:/home/aman/ros2_ws/install/zed_components:/home/aman/ros2_ws/install/zed_interfaces:/opt/ros/humble LD_LIBRARY_PATH=/home/aman/ros2_ws/install/zed_components/lib:/home/aman/ros2_ws/install/zed_interfaces/lib:${LD_LIBRARY_PATH} PYTHONPATH=/home/aman/ros2_ws/install/zed_interfaces/local/lib/python3.10/dist-packages:${PYTHONPATH} /usr/bin/cmake --install /home/aman/ros2_ws/build/zed_ros2
