[0.534s] Invoking command in '/home/aman/ros2_ws/build/examples_rclpy_minimal_service': PYTHONPATH=/home/aman/ros2_ws/build/examples_rclpy_minimal_service/prefix_override:/usr/lib/python3/dist-packages/colcon_core/task/python/colcon_distutils_commands:/home/aman/ros2_ws/install/examples_rclpy_minimal_service/lib/python3.10/site-packages:${PYTHONPATH} /usr/bin/python3 -W ignore:setup.py install is deprecated setup.py develop --editable --build-directory /home/aman/ros2_ws/build/examples_rclpy_minimal_service/build --no-deps symlink_data
[0.727s] running develop
[0.833s] running egg_info
[0.833s] creating examples_rclpy_minimal_service.egg-info
[0.833s] writing examples_rclpy_minimal_service.egg-info/PKG-INFO
[0.834s] writing dependency_links to examples_rclpy_minimal_service.egg-info/dependency_links.txt
[0.834s] writing entry points to examples_rclpy_minimal_service.egg-info/entry_points.txt
[0.834s] writing requirements to examples_rclpy_minimal_service.egg-info/requires.txt
[0.834s] writing top-level names to examples_rclpy_minimal_service.egg-info/top_level.txt
[0.834s] writing manifest file 'examples_rclpy_minimal_service.egg-info/SOURCES.txt'
[0.861s] reading manifest file 'examples_rclpy_minimal_service.egg-info/SOURCES.txt'
[0.861s] writing manifest file 'examples_rclpy_minimal_service.egg-info/SOURCES.txt'
[0.893s] running build_ext
[0.893s] Creating /home/aman/ros2_ws/install/examples_rclpy_minimal_service/lib/python3.10/site-packages/examples-rclpy-minimal-service.egg-link (link to .)
[0.894s] Installing service script to /home/aman/ros2_ws/install/examples_rclpy_minimal_service/lib/examples_rclpy_minimal_service
[0.894s] Installing service_member_function script to /home/aman/ros2_ws/install/examples_rclpy_minimal_service/lib/examples_rclpy_minimal_service
[0.895s] 
[0.895s] Installed /home/aman/ros2_ws/build/examples_rclpy_minimal_service
[0.895s] running symlink_data
[0.895s] creating /home/aman/ros2_ws/install/examples_rclpy_minimal_service/share/ament_index
[0.895s] creating /home/aman/ros2_ws/install/examples_rclpy_minimal_service/share/ament_index/resource_index
[0.895s] creating /home/aman/ros2_ws/install/examples_rclpy_minimal_service/share/ament_index/resource_index/packages
[0.895s] symbolically linking /home/aman/ros2_ws/build/examples_rclpy_minimal_service/resource/examples_rclpy_minimal_service -> /home/aman/ros2_ws/install/examples_rclpy_minimal_service/share/ament_index/resource_index/packages
[0.895s] symbolically linking /home/aman/ros2_ws/build/examples_rclpy_minimal_service/package.xml -> /home/aman/ros2_ws/install/examples_rclpy_minimal_service/share/examples_rclpy_minimal_service
[0.919s] Invoked command in '/home/aman/ros2_ws/build/examples_rclpy_minimal_service' returned '0': PYTHONPATH=/home/aman/ros2_ws/build/examples_rclpy_minimal_service/prefix_override:/usr/lib/python3/dist-packages/colcon_core/task/python/colcon_distutils_commands:/home/aman/ros2_ws/install/examples_rclpy_minimal_service/lib/python3.10/site-packages:${PYTHONPATH} /usr/bin/python3 -W ignore:setup.py install is deprecated setup.py develop --editable --build-directory /home/aman/ros2_ws/build/examples_rclpy_minimal_service/build --no-deps symlink_data
