[0.007s] Invoking command in '/home/aman/ros2_ws/build/zed_ros2': AMENT_PREFIX_PATH=/home/aman/ros2_ws/install/zed_wrapper:/home/aman/ros2_ws/install/zed_components:/home/aman/ros2_ws/install/zed_interfaces:${AMENT_PREFIX_PATH} CMAKE_PREFIX_PATH=/home/aman/ros2_ws/install/zed_wrapper:/home/aman/ros2_ws/install/zed_components:/home/aman/ros2_ws/install/zed_interfaces:/opt/ros/humble LD_LIBRARY_PATH=/home/aman/ros2_ws/install/zed_components/lib:/home/aman/ros2_ws/install/zed_interfaces/lib:${LD_LIBRARY_PATH} PYTHONPATH=/home/aman/ros2_ws/install/zed_interfaces/local/lib/python3.10/dist-packages:${PYTHONPATH} /usr/bin/cmake /home/aman/ros2_ws/src/zed-ros2-wrapper/zed_ros2 -DAMENT_CMAKE_SYMLINK_INSTALL=1 -DCMAKE_INSTALL_PREFIX=/home/aman/ros2_ws/install/zed_ros2
[0.012s] -- Found ament_cmake_auto: 1.3.10 (/opt/ros/humble/share/ament_cmake_auto/cmake)
[0.079s] -- Override CMake install command with custom implementation using symlinks instead of copying resources
[0.117s] -- Found ament_lint_auto: 0.12.11 (/opt/ros/humble/share/ament_lint_auto/cmake)
[0.121s] -- Added test 'copyright' to check source files copyright and LICENSE
[0.121s] -- Added test 'lint_cmake' to check CMake code style
[0.121s] -- Added test 'xmllint' to check XML markup files
[0.122s] -- Configuring done
[0.125s] -- Generating done
[0.125s] -- Build files have been written to: /home/aman/ros2_ws/build/zed_ros2
[0.128s] Invoked command in '/home/aman/ros2_ws/build/zed_ros2' returned '0': AMENT_PREFIX_PATH=/home/aman/ros2_ws/install/zed_wrapper:/home/aman/ros2_ws/install/zed_components:/home/aman/ros2_ws/install/zed_interfaces:${AMENT_PREFIX_PATH} CMAKE_PREFIX_PATH=/home/aman/ros2_ws/install/zed_wrapper:/home/aman/ros2_ws/install/zed_components:/home/aman/ros2_ws/install/zed_interfaces:/opt/ros/humble LD_LIBRARY_PATH=/home/aman/ros2_ws/install/zed_components/lib:/home/aman/ros2_ws/install/zed_interfaces/lib:${LD_LIBRARY_PATH} PYTHONPATH=/home/aman/ros2_ws/install/zed_interfaces/local/lib/python3.10/dist-packages:${PYTHONPATH} /usr/bin/cmake /home/aman/ros2_ws/src/zed-ros2-wrapper/zed_ros2 -DAMENT_CMAKE_SYMLINK_INSTALL=1 -DCMAKE_INSTALL_PREFIX=/home/aman/ros2_ws/install/zed_ros2
[0.128s] Invoking command in '/home/aman/ros2_ws/build/zed_ros2': AMENT_PREFIX_PATH=/home/aman/ros2_ws/install/zed_wrapper:/home/aman/ros2_ws/install/zed_components:/home/aman/ros2_ws/install/zed_interfaces:${AMENT_PREFIX_PATH} CMAKE_PREFIX_PATH=/home/aman/ros2_ws/install/zed_wrapper:/home/aman/ros2_ws/install/zed_components:/home/aman/ros2_ws/install/zed_interfaces:/opt/ros/humble LD_LIBRARY_PATH=/home/aman/ros2_ws/install/zed_components/lib:/home/aman/ros2_ws/install/zed_interfaces/lib:${LD_LIBRARY_PATH} PYTHONPATH=/home/aman/ros2_ws/install/zed_interfaces/local/lib/python3.10/dist-packages:${PYTHONPATH} /usr/bin/cmake --build /home/aman/ros2_ws/build/zed_ros2 -- -j16 -l16
[0.148s] Invoked command in '/home/aman/ros2_ws/build/zed_ros2' returned '0': AMENT_PREFIX_PATH=/home/aman/ros2_ws/install/zed_wrapper:/home/aman/ros2_ws/install/zed_components:/home/aman/ros2_ws/install/zed_interfaces:${AMENT_PREFIX_PATH} CMAKE_PREFIX_PATH=/home/aman/ros2_ws/install/zed_wrapper:/home/aman/ros2_ws/install/zed_components:/home/aman/ros2_ws/install/zed_interfaces:/opt/ros/humble LD_LIBRARY_PATH=/home/aman/ros2_ws/install/zed_components/lib:/home/aman/ros2_ws/install/zed_interfaces/lib:${LD_LIBRARY_PATH} PYTHONPATH=/home/aman/ros2_ws/install/zed_interfaces/local/lib/python3.10/dist-packages:${PYTHONPATH} /usr/bin/cmake --build /home/aman/ros2_ws/build/zed_ros2 -- -j16 -l16
[0.164s] Invoking command in '/home/aman/ros2_ws/build/zed_ros2': AMENT_PREFIX_PATH=/home/aman/ros2_ws/install/zed_wrapper:/home/aman/ros2_ws/install/zed_components:/home/aman/ros2_ws/install/zed_interfaces:${AMENT_PREFIX_PATH} CMAKE_PREFIX_PATH=/home/aman/ros2_ws/install/zed_wrapper:/home/aman/ros2_ws/install/zed_components:/home/aman/ros2_ws/install/zed_interfaces:/opt/ros/humble LD_LIBRARY_PATH=/home/aman/ros2_ws/install/zed_components/lib:/home/aman/ros2_ws/install/zed_interfaces/lib:${LD_LIBRARY_PATH} PYTHONPATH=/home/aman/ros2_ws/install/zed_interfaces/local/lib/python3.10/dist-packages:${PYTHONPATH} /usr/bin/cmake --install /home/aman/ros2_ws/build/zed_ros2
[0.170s] -- Install configuration: "Release"
[0.170s] -- Execute custom install script
[0.171s] -- Up-to-date symlink: /home/aman/ros2_ws/install/zed_ros2/share/ament_index/resource_index/package_run_dependencies/zed_ros2
[0.171s] -- Up-to-date symlink: /home/aman/ros2_ws/install/zed_ros2/share/ament_index/resource_index/parent_prefix_path/zed_ros2
[0.171s] -- Up-to-date symlink: /home/aman/ros2_ws/install/zed_ros2/share/zed_ros2/environment/ament_prefix_path.sh
[0.171s] -- Up-to-date symlink: /home/aman/ros2_ws/install/zed_ros2/share/zed_ros2/environment/ament_prefix_path.dsv
[0.171s] -- Up-to-date symlink: /home/aman/ros2_ws/install/zed_ros2/share/zed_ros2/environment/path.sh
[0.171s] -- Up-to-date symlink: /home/aman/ros2_ws/install/zed_ros2/share/zed_ros2/environment/path.dsv
[0.171s] -- Up-to-date symlink: /home/aman/ros2_ws/install/zed_ros2/share/zed_ros2/local_setup.bash
[0.171s] -- Up-to-date symlink: /home/aman/ros2_ws/install/zed_ros2/share/zed_ros2/local_setup.sh
[0.172s] -- Up-to-date symlink: /home/aman/ros2_ws/install/zed_ros2/share/zed_ros2/local_setup.zsh
[0.172s] -- Up-to-date symlink: /home/aman/ros2_ws/install/zed_ros2/share/zed_ros2/local_setup.dsv
[0.172s] -- Symlinking: /home/aman/ros2_ws/install/zed_ros2/share/zed_ros2/package.dsv
[0.177s] -- Up-to-date symlink: /home/aman/ros2_ws/install/zed_ros2/share/ament_index/resource_index/packages/zed_ros2
[0.177s] -- Up-to-date symlink: /home/aman/ros2_ws/install/zed_ros2/share/zed_ros2/cmake/zed_ros2Config.cmake
[0.177s] -- Up-to-date symlink: /home/aman/ros2_ws/install/zed_ros2/share/zed_ros2/cmake/zed_ros2Config-version.cmake
[0.177s] -- Up-to-date symlink: /home/aman/ros2_ws/install/zed_ros2/share/zed_ros2/package.xml
[0.179s] Invoked command in '/home/aman/ros2_ws/build/zed_ros2' returned '0': AMENT_PREFIX_PATH=/home/aman/ros2_ws/install/zed_wrapper:/home/aman/ros2_ws/install/zed_components:/home/aman/ros2_ws/install/zed_interfaces:${AMENT_PREFIX_PATH} CMAKE_PREFIX_PATH=/home/aman/ros2_ws/install/zed_wrapper:/home/aman/ros2_ws/install/zed_components:/home/aman/ros2_ws/install/zed_interfaces:/opt/ros/humble LD_LIBRARY_PATH=/home/aman/ros2_ws/install/zed_components/lib:/home/aman/ros2_ws/install/zed_interfaces/lib:${LD_LIBRARY_PATH} PYTHONPATH=/home/aman/ros2_ws/install/zed_interfaces/local/lib/python3.10/dist-packages:${PYTHONPATH} /usr/bin/cmake --install /home/aman/ros2_ws/build/zed_ros2
