[0.853s] Invoking command in '/home/aman/ros2_ws/build/examples_rclpy_executors': PYTHONPATH=/home/aman/ros2_ws/build/examples_rclpy_executors/prefix_override:/usr/lib/python3/dist-packages/colcon_core/task/python/colcon_distutils_commands:/home/aman/ros2_ws/install/examples_rclpy_executors/lib/python3.10/site-packages:${PYTHONPATH} /usr/bin/python3 -W ignore:setup.py install is deprecated setup.py develop --editable --build-directory /home/aman/ros2_ws/build/examples_rclpy_executors/build --no-deps symlink_data
[0.994s] /home/aman/.local/lib/python3.10/site-packages/setuptools/_distutils/dist.py:268: UserWarning: Unknown distribution option: 'tests_require'
[0.994s]   warnings.warn(msg)
[1.101s] running develop
[1.102s] /home/aman/.local/lib/python3.10/site-packages/setuptools/command/develop.py:42: EasyInstallDeprecationWarning: easy_install command is deprecated.
[1.102s] !!
[1.102s] 
[1.102s]         ********************************************************************************
[1.102s]         Please avoid running ``setup.py`` and ``easy_install``.
[1.102s]         Instead, use pypa/build, pypa/installer or other
[1.102s]         standards-based tools.
[1.102s] 
[1.102s]         See https://github.com/pypa/setuptools/issues/917 for details.
[1.102s]         ********************************************************************************
[1.102s] 
[1.102s] !!
[1.102s]   easy_install.initialize_options(self)
[1.112s] Traceback (most recent call last):
[1.112s]   File "/home/aman/ros2_ws/build/examples_rclpy_executors/setup.py", line 5, in <module>
[1.112s]     setup(
[1.112s]   File "/home/aman/.local/lib/python3.10/site-packages/setuptools/__init__.py", line 108, in setup
[1.112s]     return distutils.core.setup(**attrs)
[1.112s]   File "/home/aman/.local/lib/python3.10/site-packages/setuptools/_distutils/core.py", line 184, in setup
[1.112s]     return run_commands(dist)
[1.112s]   File "/home/aman/.local/lib/python3.10/site-packages/setuptools/_distutils/core.py", line 200, in run_commands
[1.112s]     dist.run_commands()
[1.112s]   File "/home/aman/.local/lib/python3.10/site-packages/setuptools/_distutils/dist.py", line 970, in run_commands
[1.113s]     self.run_command(cmd)
[1.113s]   File "/home/aman/.local/lib/python3.10/site-packages/setuptools/dist.py", line 945, in run_command
[1.113s]     super().run_command(command)
[1.113s]   File "/home/aman/.local/lib/python3.10/site-packages/setuptools/_distutils/dist.py", line 988, in run_command
[1.113s]     cmd_obj.ensure_finalized()
[1.113s]   File "/home/aman/.local/lib/python3.10/site-packages/setuptools/_distutils/cmd.py", line 111, in ensure_finalized
[1.113s]     self.finalize_options()
[1.113s]   File "/home/aman/.local/lib/python3.10/site-packages/setuptools/command/develop.py", line 52, in finalize_options
[1.113s]     easy_install.finalize_options(self)
[1.113s]   File "/home/aman/.local/lib/python3.10/site-packages/setuptools/command/easy_install.py", line 251, in finalize_options
[1.113s]     'dist_fullname': self.distribution.get_fullname(),
[1.113s]   File "/home/aman/.local/lib/python3.10/site-packages/setuptools/_core_metadata.py", line 266, in get_fullname
[1.113s]     return _distribution_fullname(self.get_name(), self.get_version())
[1.113s]   File "/home/aman/.local/lib/python3.10/site-packages/setuptools/_core_metadata.py", line 284, in _distribution_fullname
[1.113s]     canonicalize_version(version, strip_trailing_zero=False),
[1.113s] TypeError: canonicalize_version() got an unexpected keyword argument 'strip_trailing_zero'
[1.138s] Invoked command in '/home/aman/ros2_ws/build/examples_rclpy_executors' returned '1': PYTHONPATH=/home/aman/ros2_ws/build/examples_rclpy_executors/prefix_override:/usr/lib/python3/dist-packages/colcon_core/task/python/colcon_distutils_commands:/home/aman/ros2_ws/install/examples_rclpy_executors/lib/python3.10/site-packages:${PYTHONPATH} /usr/bin/python3 -W ignore:setup.py install is deprecated setup.py develop --editable --build-directory /home/aman/ros2_ws/build/examples_rclpy_executors/build --no-deps symlink_data
