[0.033s] Invoking command in '/home/aman/ros2_ws/build/examples_rclcpp_minimal_action_client': CMAKE_PREFIX_PATH=/opt/ros/humble /usr/bin/cmake /home/aman/ros2_ws/src/examples/rclcpp/actions/minimal_action_client -DAMENT_CMAKE_SYMLINK_INSTALL=1 -DCMAKE_INSTALL_PREFIX=/home/aman/ros2_ws/install/examples_rclcpp_minimal_action_client
[0.753s] -- Found ament_cmake: 1.3.10 (/opt/ros/humble/share/ament_cmake/cmake)
[0.753s] -- Override CMake install command with custom implementation using symlinks instead of copying resources
[0.753s] -- Found example_interfaces: 0.9.3 (/opt/ros/humble/share/example_interfaces/cmake)
[0.753s] -- Found rosidl_generator_c: 3.1.5 (/opt/ros/humble/share/rosidl_generator_c/cmake)
[0.753s] -- Found rosidl_adapter: 3.1.5 (/opt/ros/humble/share/rosidl_adapter/cmake)
[0.753s] -- Found rosidl_generator_cpp: 3.1.5 (/opt/ros/humble/share/rosidl_generator_cpp/cmake)
[0.753s] -- Using all available rosidl_typesupport_c: rosidl_typesupport_fastrtps_c;rosidl_typesupport_introspection_c
[0.753s] -- Using all available rosidl_typesupport_cpp: rosidl_typesupport_fastrtps_cpp;rosidl_typesupport_introspection_cpp
[0.753s] -- Found rclcpp: 16.0.10 (/opt/ros/humble/share/rclcpp/cmake)
[0.753s] -- Found rmw_implementation_cmake: 6.1.2 (/opt/ros/humble/share/rmw_implementation_cmake/cmake)
[0.753s] -- Found rmw_fastrtps_cpp: 6.2.7 (/opt/ros/humble/share/rmw_fastrtps_cpp/cmake)
[0.753s] -- Using RMW implementation 'rmw_fastrtps_cpp' as default
[0.753s] -- Found rclcpp_action: 16.0.10 (/opt/ros/humble/share/rclcpp_action/cmake)
[0.753s] -- Found ament_lint_auto: 0.12.11 (/opt/ros/humble/share/ament_lint_auto/cmake)
[0.753s] -- Added test 'copyright' to check source files copyright and LICENSE
[0.753s] -- Added test 'cppcheck' to perform static code analysis on C / C++ code
[0.753s] -- Configured cppcheck include dirs: 
[0.753s] -- Configured cppcheck exclude dirs and/or files: 
[0.753s] -- Added test 'cpplint' to check C / C++ code against the Google style
[0.753s] -- Configured cpplint exclude dirs and/or files: 
[0.753s] -- Added test 'lint_cmake' to check CMake code style
[0.753s] -- Added test 'uncrustify' to check C / C++ code style
[0.754s] -- Configured uncrustify additional arguments: 
[0.754s] -- Added test 'xmllint' to check XML markup files
[0.754s] -- Configuring done
[0.754s] -- Generating done
[0.754s] -- Build files have been written to: /home/aman/ros2_ws/build/examples_rclcpp_minimal_action_client
[0.775s] Invoked command in '/home/aman/ros2_ws/build/examples_rclcpp_minimal_action_client' returned '0': CMAKE_PREFIX_PATH=/opt/ros/humble /usr/bin/cmake /home/aman/ros2_ws/src/examples/rclcpp/actions/minimal_action_client -DAMENT_CMAKE_SYMLINK_INSTALL=1 -DCMAKE_INSTALL_PREFIX=/home/aman/ros2_ws/install/examples_rclcpp_minimal_action_client
[0.776s] Invoking command in '/home/aman/ros2_ws/build/examples_rclcpp_minimal_action_client': CMAKE_PREFIX_PATH=/opt/ros/humble /usr/bin/cmake --build /home/aman/ros2_ws/build/examples_rclcpp_minimal_action_client -- -j16 -l16
[2.460s] [35m[1mConsolidate compiler generated dependencies of target action_client_not_composable[0m
[2.460s] [35m[1mConsolidate compiler generated dependencies of target action_client_member_functions[0m
[2.460s] [35m[1mConsolidate compiler generated dependencies of target action_client_not_composable_with_cancel[0m
[2.460s] [35m[1mConsolidate compiler generated dependencies of target action_client_not_composable_with_feedback[0m
[2.460s] [ 12%] [32mBuilding CXX object CMakeFiles/action_client_member_functions.dir/member_functions.cpp.o[0m
[2.461s] [ 25%] [32mBuilding CXX object CMakeFiles/action_client_not_composable.dir/not_composable.cpp.o[0m
[2.461s] [ 37%] [32mBuilding CXX object CMakeFiles/action_client_not_composable_with_cancel.dir/not_composable_with_cancel.cpp.o[0m
[2.461s] [ 50%] [32mBuilding CXX object CMakeFiles/action_client_not_composable_with_feedback.dir/not_composable_with_feedback.cpp.o[0m
