[0.011s] Invoking command in '/home/aman/ros2_ws/build/zed_components': AMENT_PREFIX_PATH=/home/aman/ros2_ws/install/zed_interfaces:${AMENT_PREFIX_PATH} CMAKE_PREFIX_PATH=/home/aman/ros2_ws/install/zed_interfaces:/opt/ros/humble LD_LIBRARY_PATH=/home/aman/ros2_ws/install/zed_interfaces/lib:${LD_LIBRARY_PATH} PYTHONPATH=/home/aman/ros2_ws/install/zed_interfaces/local/lib/python3.10/dist-packages:${PYTHONPATH} /usr/bin/cmake /home/aman/ros2_ws/src/zed-ros2-wrapper/zed_components -DAMENT_CMAKE_SYMLINK_INSTALL=1 -DCMAKE_INSTALL_PREFIX=/home/aman/ros2_ws/install/zed_components
[0.047s] -- Found CUDA: /usr/local/cuda (found suitable version "12.2", minimum required is "12") 
[0.182s] -- Found CUDA: /usr/local/cuda (found version "12.2") 
[0.183s] -- Found ament_cmake_auto: 1.3.10 (/opt/ros/humble/share/ament_cmake_auto/cmake)
[0.254s] -- Override CMake install command with custom implementation using symlinks instead of copying resources
[0.312s] -- Found rosidl_generator_c: 3.1.5 (/opt/ros/humble/share/rosidl_generator_c/cmake)
[0.314s] -- Found rosidl_adapter: 3.1.5 (/opt/ros/humble/share/rosidl_adapter/cmake)
[0.319s] -- Found rosidl_generator_cpp: 3.1.5 (/opt/ros/humble/share/rosidl_generator_cpp/cmake)
[0.326s] -- Using all available rosidl_typesupport_c: rosidl_typesupport_fastrtps_c;rosidl_typesupport_introspection_c
[0.334s] -- Using all available rosidl_typesupport_cpp: rosidl_typesupport_fastrtps_cpp;rosidl_typesupport_introspection_cpp
[0.396s] -- Found rmw_implementation_cmake: 6.1.2 (/opt/ros/humble/share/rmw_implementation_cmake/cmake)
[0.398s] -- Found rmw_fastrtps_cpp: 6.2.7 (/opt/ros/humble/share/rmw_fastrtps_cpp/cmake)
[0.456s] -- Using RMW implementation 'rmw_fastrtps_cpp' as default
[0.603s] -- Found eigen3_cmake_module: 0.1.1 (/opt/ros/humble/share/eigen3_cmake_module/cmake)
[0.604s] -- Ensuring Eigen3 include directory is part of orocos-kdl CMake target
[0.668s] -- Found ament_lint_auto: 0.12.11 (/opt/ros/humble/share/ament_lint_auto/cmake)
[0.681s] -- Added test 'copyright' to check source files copyright and LICENSE
[0.682s] -- Added test 'cppcheck' to perform static code analysis on C / C++ code
[0.682s] -- Configured cppcheck include dirs: /home/aman/ros2_ws/src/zed-ros2-wrapper/zed_components/src/include;/home/aman/ros2_ws/src/zed-ros2-wrapper/zed_components/src/zed_camera/include;/home/aman/ros2_ws/src/zed-ros2-wrapper/zed_components/src/tools/include
[0.682s] -- Configured cppcheck exclude dirs and/or files: 
[0.682s] -- Added test 'lint_cmake' to check CMake code style
[0.683s] -- Added test 'uncrustify' to check C / C++ code style
[0.683s] -- Configured uncrustify additional arguments: 
[0.683s] -- Added test 'xmllint' to check XML markup files
[0.686s] -- Configuring done
[0.701s] -- Generating done
[0.702s] -- Build files have been written to: /home/aman/ros2_ws/build/zed_components
[0.707s] Invoked command in '/home/aman/ros2_ws/build/zed_components' returned '0': AMENT_PREFIX_PATH=/home/aman/ros2_ws/install/zed_interfaces:${AMENT_PREFIX_PATH} CMAKE_PREFIX_PATH=/home/aman/ros2_ws/install/zed_interfaces:/opt/ros/humble LD_LIBRARY_PATH=/home/aman/ros2_ws/install/zed_interfaces/lib:${LD_LIBRARY_PATH} PYTHONPATH=/home/aman/ros2_ws/install/zed_interfaces/local/lib/python3.10/dist-packages:${PYTHONPATH} /usr/bin/cmake /home/aman/ros2_ws/src/zed-ros2-wrapper/zed_components -DAMENT_CMAKE_SYMLINK_INSTALL=1 -DCMAKE_INSTALL_PREFIX=/home/aman/ros2_ws/install/zed_components
[0.708s] Invoking command in '/home/aman/ros2_ws/build/zed_components': AMENT_PREFIX_PATH=/home/aman/ros2_ws/install/zed_interfaces:${AMENT_PREFIX_PATH} CMAKE_PREFIX_PATH=/home/aman/ros2_ws/install/zed_interfaces:/opt/ros/humble LD_LIBRARY_PATH=/home/aman/ros2_ws/install/zed_interfaces/lib:${LD_LIBRARY_PATH} PYTHONPATH=/home/aman/ros2_ws/install/zed_interfaces/local/lib/python3.10/dist-packages:${PYTHONPATH} /usr/bin/cmake --build /home/aman/ros2_ws/build/zed_components -- -j16 -l16
[0.734s] [35m[1mConsolidate compiler generated dependencies of target zed_camera_component[0m
[0.747s] [ 60%] [32mBuilding CXX object CMakeFiles/zed_camera_component.dir/src/tools/src/sl_win_avg.cpp.o[0m
[0.747s] [ 60%] [32mBuilding CXX object CMakeFiles/zed_camera_component.dir/src/tools/src/sl_tools.cpp.o[0m
[0.747s] [ 60%] [32mBuilding CXX object CMakeFiles/zed_camera_component.dir/src/tools/src/gnss_replay.cpp.o[0m
[0.757s] [ 80%] [32mBuilding CXX object CMakeFiles/zed_camera_component.dir/src/zed_camera/src/zed_camera_component.cpp.o[0m
[51.450s] [100%] [32m[1mLinking CXX shared library libzed_camera_component.so[0m
[51.853s] [100%] Built target zed_camera_component
[51.865s] Invoked command in '/home/aman/ros2_ws/build/zed_components' returned '0': AMENT_PREFIX_PATH=/home/aman/ros2_ws/install/zed_interfaces:${AMENT_PREFIX_PATH} CMAKE_PREFIX_PATH=/home/aman/ros2_ws/install/zed_interfaces:/opt/ros/humble LD_LIBRARY_PATH=/home/aman/ros2_ws/install/zed_interfaces/lib:${LD_LIBRARY_PATH} PYTHONPATH=/home/aman/ros2_ws/install/zed_interfaces/local/lib/python3.10/dist-packages:${PYTHONPATH} /usr/bin/cmake --build /home/aman/ros2_ws/build/zed_components -- -j16 -l16
[51.885s] Invoking command in '/home/aman/ros2_ws/build/zed_components': AMENT_PREFIX_PATH=/home/aman/ros2_ws/install/zed_interfaces:${AMENT_PREFIX_PATH} CMAKE_PREFIX_PATH=/home/aman/ros2_ws/install/zed_interfaces:/opt/ros/humble LD_LIBRARY_PATH=/home/aman/ros2_ws/install/zed_interfaces/lib:${LD_LIBRARY_PATH} PYTHONPATH=/home/aman/ros2_ws/install/zed_interfaces/local/lib/python3.10/dist-packages:${PYTHONPATH} /usr/bin/cmake --install /home/aman/ros2_ws/build/zed_components
[51.889s] -- Install configuration: "Release"
[51.890s] -- Execute custom install script
[51.890s] -- Up-to-date symlink: /home/aman/ros2_ws/install/zed_components/lib/libzed_camera_component.so
[51.890s] -- Up-to-date symlink: /home/aman/ros2_ws/install/zed_components/include/zed_components//cost_traversability.hpp
[51.890s] -- Up-to-date symlink: /home/aman/ros2_ws/install/zed_components/include/zed_components//sl_types.hpp
[51.891s] -- Up-to-date symlink: /home/aman/ros2_ws/install/zed_components/include/zed_components//zed_camera_component.hpp
[51.891s] -- Up-to-date symlink: /home/aman/ros2_ws/install/zed_components/include/zed_components//gnss_replay.hpp
[51.891s] -- Up-to-date symlink: /home/aman/ros2_ws/install/zed_components/include/zed_components//json.hpp
[51.891s] -- Up-to-date symlink: /home/aman/ros2_ws/install/zed_components/include/zed_components//sl_logging.hpp
[51.891s] -- Up-to-date symlink: /home/aman/ros2_ws/install/zed_components/include/zed_components//sl_tools.hpp
[51.891s] -- Up-to-date symlink: /home/aman/ros2_ws/install/zed_components/include/zed_components//sl_win_avg.hpp
[51.892s] -- Up-to-date symlink: /home/aman/ros2_ws/install/zed_components/include/zed_components//visibility_control.hpp
[51.892s] -- Up-to-date symlink: /home/aman/ros2_ws/install/zed_components/share/zed_components/environment/library_path.sh
[51.892s] -- Up-to-date symlink: /home/aman/ros2_ws/install/zed_components/share/zed_components/environment/library_path.dsv
[51.892s] -- Up-to-date symlink: /home/aman/ros2_ws/install/zed_components/share/ament_index/resource_index/package_run_dependencies/zed_components
[51.892s] -- Up-to-date symlink: /home/aman/ros2_ws/install/zed_components/share/ament_index/resource_index/parent_prefix_path/zed_components
[51.893s] -- Up-to-date symlink: /home/aman/ros2_ws/install/zed_components/share/zed_components/environment/ament_prefix_path.sh
[51.893s] -- Up-to-date symlink: /home/aman/ros2_ws/install/zed_components/share/zed_components/environment/ament_prefix_path.dsv
[51.893s] -- Up-to-date symlink: /home/aman/ros2_ws/install/zed_components/share/zed_components/environment/path.sh
[51.893s] -- Up-to-date symlink: /home/aman/ros2_ws/install/zed_components/share/zed_components/environment/path.dsv
[51.893s] -- Up-to-date symlink: /home/aman/ros2_ws/install/zed_components/share/zed_components/local_setup.bash
[51.893s] -- Up-to-date symlink: /home/aman/ros2_ws/install/zed_components/share/zed_components/local_setup.sh
[51.894s] -- Up-to-date symlink: /home/aman/ros2_ws/install/zed_components/share/zed_components/local_setup.zsh
[51.894s] -- Up-to-date symlink: /home/aman/ros2_ws/install/zed_components/share/zed_components/local_setup.dsv
[51.894s] -- Symlinking: /home/aman/ros2_ws/install/zed_components/share/zed_components/package.dsv
[51.900s] -- Up-to-date symlink: /home/aman/ros2_ws/install/zed_components/share/ament_index/resource_index/packages/zed_components
[51.900s] -- Up-to-date symlink: /home/aman/ros2_ws/install/zed_components/share/ament_index/resource_index/rclcpp_components/zed_components
[51.900s] -- Up-to-date symlink: /home/aman/ros2_ws/install/zed_components/share/zed_components/cmake/ament_cmake_export_include_directories-extras.cmake
[51.900s] -- Up-to-date symlink: /home/aman/ros2_ws/install/zed_components/share/zed_components/cmake/ament_cmake_export_libraries-extras.cmake
[51.900s] -- Up-to-date symlink: /home/aman/ros2_ws/install/zed_components/share/zed_components/cmake/ament_cmake_export_dependencies-extras.cmake
[51.900s] -- Up-to-date symlink: /home/aman/ros2_ws/install/zed_components/share/zed_components/cmake/zed_componentsConfig.cmake
[51.900s] -- Up-to-date symlink: /home/aman/ros2_ws/install/zed_components/share/zed_components/cmake/zed_componentsConfig-version.cmake
[51.901s] -- Up-to-date symlink: /home/aman/ros2_ws/install/zed_components/share/zed_components/package.xml
[51.902s] Invoked command in '/home/aman/ros2_ws/build/zed_components' returned '0': AMENT_PREFIX_PATH=/home/aman/ros2_ws/install/zed_interfaces:${AMENT_PREFIX_PATH} CMAKE_PREFIX_PATH=/home/aman/ros2_ws/install/zed_interfaces:/opt/ros/humble LD_LIBRARY_PATH=/home/aman/ros2_ws/install/zed_interfaces/lib:${LD_LIBRARY_PATH} PYTHONPATH=/home/aman/ros2_ws/install/zed_interfaces/local/lib/python3.10/dist-packages:${PYTHONPATH} /usr/bin/cmake --install /home/aman/ros2_ws/build/zed_components
