[0.493s] Invoking command in '/home/aman/ros2_ws/build/examples_rclpy_pointcloud_publisher': PYTHONPATH=/home/aman/ros2_ws/build/examples_rclpy_pointcloud_publisher/prefix_override:/usr/lib/python3/dist-packages/colcon_core/task/python/colcon_distutils_commands:/home/aman/ros2_ws/install/examples_rclpy_pointcloud_publisher/lib/python3.10/site-packages:${PYTHONPATH} /usr/bin/python3 -W ignore:setup.py install is deprecated setup.py develop --editable --build-directory /home/aman/ros2_ws/build/examples_rclpy_pointcloud_publisher/build --no-deps symlink_data
[0.689s] running develop
[0.793s] running egg_info
[0.793s] creating examples_rclpy_pointcloud_publisher.egg-info
[0.794s] writing examples_rclpy_pointcloud_publisher.egg-info/PKG-INFO
[0.794s] writing dependency_links to examples_rclpy_pointcloud_publisher.egg-info/dependency_links.txt
[0.794s] writing entry points to examples_rclpy_pointcloud_publisher.egg-info/entry_points.txt
[0.794s] writing requirements to examples_rclpy_pointcloud_publisher.egg-info/requires.txt
[0.794s] writing top-level names to examples_rclpy_pointcloud_publisher.egg-info/top_level.txt
[0.794s] writing manifest file 'examples_rclpy_pointcloud_publisher.egg-info/SOURCES.txt'
[0.830s] reading manifest file 'examples_rclpy_pointcloud_publisher.egg-info/SOURCES.txt'
[0.830s] writing manifest file 'examples_rclpy_pointcloud_publisher.egg-info/SOURCES.txt'
[0.863s] running build_ext
[0.863s] Creating /home/aman/ros2_ws/install/examples_rclpy_pointcloud_publisher/lib/python3.10/site-packages/examples-rclpy-pointcloud-publisher.egg-link (link to .)
[0.864s] Installing pointcloud_publisher script to /home/aman/ros2_ws/install/examples_rclpy_pointcloud_publisher/lib/examples_rclpy_pointcloud_publisher
[0.864s] 
[0.864s] Installed /home/aman/ros2_ws/build/examples_rclpy_pointcloud_publisher
[0.864s] running symlink_data
[0.864s] creating /home/aman/ros2_ws/install/examples_rclpy_pointcloud_publisher/share/ament_index
[0.864s] creating /home/aman/ros2_ws/install/examples_rclpy_pointcloud_publisher/share/ament_index/resource_index
[0.864s] creating /home/aman/ros2_ws/install/examples_rclpy_pointcloud_publisher/share/ament_index/resource_index/packages
[0.865s] symbolically linking /home/aman/ros2_ws/build/examples_rclpy_pointcloud_publisher/resource/examples_rclpy_pointcloud_publisher -> /home/aman/ros2_ws/install/examples_rclpy_pointcloud_publisher/share/ament_index/resource_index/packages
[0.865s] symbolically linking /home/aman/ros2_ws/build/examples_rclpy_pointcloud_publisher/package.xml -> /home/aman/ros2_ws/install/examples_rclpy_pointcloud_publisher/share/examples_rclpy_pointcloud_publisher
[0.891s] Invoked command in '/home/aman/ros2_ws/build/examples_rclpy_pointcloud_publisher' returned '0': PYTHONPATH=/home/aman/ros2_ws/build/examples_rclpy_pointcloud_publisher/prefix_override:/usr/lib/python3/dist-packages/colcon_core/task/python/colcon_distutils_commands:/home/aman/ros2_ws/install/examples_rclpy_pointcloud_publisher/lib/python3.10/site-packages:${PYTHONPATH} /usr/bin/python3 -W ignore:setup.py install is deprecated setup.py develop --editable --build-directory /home/aman/ros2_ws/build/examples_rclpy_pointcloud_publisher/build --no-deps symlink_data
