[0.377s] Invoking command in '/home/aman/ros2_ws/build/examples_rclpy_minimal_client': PYTHONPATH=/home/aman/ros2_ws/build/examples_rclpy_minimal_client/prefix_override:/usr/lib/python3/dist-packages/colcon_core/task/python/colcon_distutils_commands:/home/aman/ros2_ws/install/examples_rclpy_minimal_client/lib/python3.10/site-packages:${PYTHONPATH} /usr/bin/python3 -W ignore:setup.py install is deprecated setup.py develop --editable --build-directory /home/aman/ros2_ws/build/examples_rclpy_minimal_client/build --no-deps symlink_data
[0.520s] running develop
[0.601s] running egg_info
[0.601s] writing examples_rclpy_minimal_client.egg-info/PKG-INFO
[0.601s] writing dependency_links to examples_rclpy_minimal_client.egg-info/dependency_links.txt
[0.601s] writing entry points to examples_rclpy_minimal_client.egg-info/entry_points.txt
[0.601s] writing requirements to examples_rclpy_minimal_client.egg-info/requires.txt
[0.601s] writing top-level names to examples_rclpy_minimal_client.egg-info/top_level.txt
[0.622s] reading manifest file 'examples_rclpy_minimal_client.egg-info/SOURCES.txt'
[0.623s] writing manifest file 'examples_rclpy_minimal_client.egg-info/SOURCES.txt'
[0.647s] running build_ext
[0.647s] Creating /home/aman/ros2_ws/install/examples_rclpy_minimal_client/lib/python3.10/site-packages/examples-rclpy-minimal-client.egg-link (link to .)
[0.648s] Installing client script to /home/aman/ros2_ws/install/examples_rclpy_minimal_client/lib/examples_rclpy_minimal_client
[0.648s] Installing client_async script to /home/aman/ros2_ws/install/examples_rclpy_minimal_client/lib/examples_rclpy_minimal_client
[0.648s] Installing client_async_callback script to /home/aman/ros2_ws/install/examples_rclpy_minimal_client/lib/examples_rclpy_minimal_client
[0.648s] Installing client_async_member_function script to /home/aman/ros2_ws/install/examples_rclpy_minimal_client/lib/examples_rclpy_minimal_client
[0.648s] 
[0.648s] Installed /home/aman/ros2_ws/build/examples_rclpy_minimal_client
[0.648s] running symlink_data
[0.667s] Invoked command in '/home/aman/ros2_ws/build/examples_rclpy_minimal_client' returned '0': PYTHONPATH=/home/aman/ros2_ws/build/examples_rclpy_minimal_client/prefix_override:/usr/lib/python3/dist-packages/colcon_core/task/python/colcon_distutils_commands:/home/aman/ros2_ws/install/examples_rclpy_minimal_client/lib/python3.10/site-packages:${PYTHONPATH} /usr/bin/python3 -W ignore:setup.py install is deprecated setup.py develop --editable --build-directory /home/aman/ros2_ws/build/examples_rclpy_minimal_client/build --no-deps symlink_data
