[0.004s] Invoking command in '/home/aman/ros2_ws/build/examples_rclcpp_wait_set': CMAKE_PREFIX_PATH=/opt/ros/humble /usr/bin/cmake --build /home/aman/ros2_ws/build/examples_rclcpp_wait_set -- -j16 -l16
[0.036s] [  8%] Built target wait_set
[0.037s] [ 33%] Built target wait_set_talker
[0.037s] [ 33%] Built target listener
[0.037s] [ 33%] Built target wait_set_topics_with_different_rates
[0.037s] [ 41%] Built target static_wait_set
[0.037s] [ 54%] Built target executor_random_order
[0.037s] [ 58%] Built target talker
[0.038s] [ 66%] Built target wait_set_listener
[0.038s] [ 75%] Built target thread_safe_wait_set
[0.039s] [ 83%] Built target wait_set_topics_and_timer
[0.039s] [ 91%] Built target wait_set_random_order
[0.051s] [100%] Built target wait_set_composed
[0.151s] Invoked command in '/home/aman/ros2_ws/build/examples_rclcpp_wait_set' returned '0': CMAKE_PREFIX_PATH=/opt/ros/humble /usr/bin/cmake --build /home/aman/ros2_ws/build/examples_rclcpp_wait_set -- -j16 -l16
[0.178s] Invoking command in '/home/aman/ros2_ws/build/examples_rclcpp_wait_set': CMAKE_PREFIX_PATH=/opt/ros/humble /usr/bin/cmake --install /home/aman/ros2_ws/build/examples_rclcpp_wait_set
[0.182s] -- Install configuration: "Release"
[0.182s] -- Execute custom install script
[0.182s] -- Up-to-date symlink: /home/aman/ros2_ws/install/examples_rclcpp_wait_set/lib/examples_rclcpp_wait_set/wait_set_talker
[0.182s] -- Up-to-date symlink: /home/aman/ros2_ws/install/examples_rclcpp_wait_set/lib/examples_rclcpp_wait_set/wait_set_listener
[0.182s] -- Up-to-date symlink: /home/aman/ros2_ws/install/examples_rclcpp_wait_set/lib/libtalker.so
[0.182s] -- Up-to-date symlink: /home/aman/ros2_ws/install/examples_rclcpp_wait_set/lib/liblistener.so
[0.183s] -- Up-to-date symlink: /home/aman/ros2_ws/install/examples_rclcpp_wait_set/lib/examples_rclcpp_wait_set/wait_set
[0.183s] -- Up-to-date symlink: /home/aman/ros2_ws/install/examples_rclcpp_wait_set/lib/examples_rclcpp_wait_set/static_wait_set
[0.183s] -- Up-to-date symlink: /home/aman/ros2_ws/install/examples_rclcpp_wait_set/lib/examples_rclcpp_wait_set/thread_safe_wait_set
[0.183s] -- Up-to-date symlink: /home/aman/ros2_ws/install/examples_rclcpp_wait_set/lib/examples_rclcpp_wait_set/wait_set_topics_and_timer
[0.183s] -- Up-to-date symlink: /home/aman/ros2_ws/install/examples_rclcpp_wait_set/lib/examples_rclcpp_wait_set/wait_set_random_order
[0.183s] -- Up-to-date symlink: /home/aman/ros2_ws/install/examples_rclcpp_wait_set/lib/examples_rclcpp_wait_set/executor_random_order
[0.183s] -- Up-to-date symlink: /home/aman/ros2_ws/install/examples_rclcpp_wait_set/lib/examples_rclcpp_wait_set/wait_set_topics_with_different_rates
[0.183s] -- Up-to-date symlink: /home/aman/ros2_ws/install/examples_rclcpp_wait_set/lib/examples_rclcpp_wait_set/wait_set_composed
[0.183s] -- Up-to-date symlink: /home/aman/ros2_ws/install/examples_rclcpp_wait_set/share/ament_index/resource_index/package_run_dependencies/examples_rclcpp_wait_set
[0.183s] -- Up-to-date symlink: /home/aman/ros2_ws/install/examples_rclcpp_wait_set/share/ament_index/resource_index/parent_prefix_path/examples_rclcpp_wait_set
[0.183s] -- Up-to-date symlink: /home/aman/ros2_ws/install/examples_rclcpp_wait_set/share/examples_rclcpp_wait_set/environment/ament_prefix_path.sh
[0.183s] -- Up-to-date symlink: /home/aman/ros2_ws/install/examples_rclcpp_wait_set/share/examples_rclcpp_wait_set/environment/ament_prefix_path.dsv
[0.183s] -- Up-to-date symlink: /home/aman/ros2_ws/install/examples_rclcpp_wait_set/share/examples_rclcpp_wait_set/environment/path.sh
[0.183s] -- Up-to-date symlink: /home/aman/ros2_ws/install/examples_rclcpp_wait_set/share/examples_rclcpp_wait_set/environment/path.dsv
[0.184s] -- Up-to-date symlink: /home/aman/ros2_ws/install/examples_rclcpp_wait_set/share/examples_rclcpp_wait_set/local_setup.bash
[0.184s] -- Up-to-date symlink: /home/aman/ros2_ws/install/examples_rclcpp_wait_set/share/examples_rclcpp_wait_set/local_setup.sh
[0.184s] -- Up-to-date symlink: /home/aman/ros2_ws/install/examples_rclcpp_wait_set/share/examples_rclcpp_wait_set/local_setup.zsh
[0.184s] -- Up-to-date symlink: /home/aman/ros2_ws/install/examples_rclcpp_wait_set/share/examples_rclcpp_wait_set/local_setup.dsv
[0.184s] -- Symlinking: /home/aman/ros2_ws/install/examples_rclcpp_wait_set/share/examples_rclcpp_wait_set/package.dsv
[0.188s] -- Up-to-date symlink: /home/aman/ros2_ws/install/examples_rclcpp_wait_set/share/ament_index/resource_index/packages/examples_rclcpp_wait_set
[0.189s] -- Up-to-date symlink: /home/aman/ros2_ws/install/examples_rclcpp_wait_set/share/ament_index/resource_index/rclcpp_components/examples_rclcpp_wait_set
[0.189s] -- Up-to-date symlink: /home/aman/ros2_ws/install/examples_rclcpp_wait_set/share/examples_rclcpp_wait_set/cmake/examples_rclcpp_wait_setConfig.cmake
[0.189s] -- Up-to-date symlink: /home/aman/ros2_ws/install/examples_rclcpp_wait_set/share/examples_rclcpp_wait_set/cmake/examples_rclcpp_wait_setConfig-version.cmake
[0.189s] -- Up-to-date symlink: /home/aman/ros2_ws/install/examples_rclcpp_wait_set/share/examples_rclcpp_wait_set/package.xml
[0.190s] Invoked command in '/home/aman/ros2_ws/build/examples_rclcpp_wait_set' returned '0': CMAKE_PREFIX_PATH=/opt/ros/humble /usr/bin/cmake --install /home/aman/ros2_ws/build/examples_rclcpp_wait_set
