[0.048s] Invoking command in '/home/aman/ros2_ws/build/examples_rclcpp_multithreaded_executor': CMAKE_PREFIX_PATH=/opt/ros/humble /usr/bin/cmake /home/aman/ros2_ws/src/examples/rclcpp/executors/multithreaded_executor -DAMENT_CMAKE_SYMLINK_INSTALL=1 -DCMAKE_INSTALL_PREFIX=/home/aman/ros2_ws/install/examples_rclcpp_multithreaded_executor
[1.660s] -- The C compiler identification is GNU 11.4.0
[1.660s] -- The CXX compiler identification is GNU 11.4.0
[1.661s] -- Detecting C compiler ABI info
[1.661s] -- Detecting C compiler ABI info - done
[1.662s] -- Check for working C compiler: /usr/bin/cc - skipped
[1.662s] -- Detecting C compile features
[1.663s] -- Detecting C compile features - done
[1.663s] -- Detecting CXX compiler ABI info
[1.663s] -- Detecting CXX compiler ABI info - done
[1.663s] -- Check for working CXX compiler: /usr/bin/c++ - skipped
[1.663s] -- Detecting CXX compile features
[1.663s] -- Detecting CXX compile features - done
[1.663s] -- Found ament_cmake: 1.3.9 (/opt/ros/humble/share/ament_cmake/cmake)
[1.663s] -- Found Python3: /usr/bin/python3 (found version "3.10.12") found components: Interpreter 
[1.663s] -- Override CMake install command with custom implementation using symlinks instead of copying resources
[1.663s] -- Found rclcpp: 16.0.9 (/opt/ros/humble/share/rclcpp/cmake)
[1.664s] -- Found rosidl_generator_c: 3.1.5 (/opt/ros/humble/share/rosidl_generator_c/cmake)
[1.664s] -- Found rosidl_adapter: 3.1.5 (/opt/ros/humble/share/rosidl_adapter/cmake)
[1.664s] -- Found rosidl_generator_cpp: 3.1.5 (/opt/ros/humble/share/rosidl_generator_cpp/cmake)
[1.664s] -- Using all available rosidl_typesupport_c: rosidl_typesupport_fastrtps_c;rosidl_typesupport_introspection_c
[1.664s] -- Using all available rosidl_typesupport_cpp: rosidl_typesupport_fastrtps_cpp;rosidl_typesupport_introspection_cpp
[1.664s] -- Found rmw_implementation_cmake: 6.1.2 (/opt/ros/humble/share/rmw_implementation_cmake/cmake)
[1.664s] -- Found rmw_fastrtps_cpp: 6.2.6 (/opt/ros/humble/share/rmw_fastrtps_cpp/cmake)
[1.664s] -- Found OpenSSL: /usr/lib/x86_64-linux-gnu/libcrypto.so (found version "3.0.2")  
[1.664s] -- Found FastRTPS: /opt/ros/humble/include  
[1.664s] -- Using RMW implementation 'rmw_fastrtps_cpp' as default
[1.664s] -- Looking for pthread.h
[1.665s] -- Looking for pthread.h - found
[1.665s] -- Performing Test CMAKE_HAVE_LIBC_PTHREAD
[1.665s] -- Performing Test CMAKE_HAVE_LIBC_PTHREAD - Success
[1.665s] -- Found Threads: TRUE  
[1.665s] -- Found ament_lint_auto: 0.12.11 (/opt/ros/humble/share/ament_lint_auto/cmake)
[1.665s] -- Added test 'copyright' to check source files copyright and LICENSE
[1.665s] -- Added test 'cppcheck' to perform static code analysis on C / C++ code
[1.665s] -- Configured cppcheck include dirs: 
[1.665s] -- Configured cppcheck exclude dirs and/or files: 
[1.665s] -- Added test 'cpplint' to check C / C++ code against the Google style
[1.665s] -- Configured cpplint exclude dirs and/or files: 
[1.666s] -- Added test 'lint_cmake' to check CMake code style
[1.666s] -- Added test 'uncrustify' to check C / C++ code style
[1.666s] -- Configured uncrustify additional arguments: 
[1.666s] -- Added test 'xmllint' to check XML markup files
[1.666s] -- Configuring done
[1.666s] -- Generating done
[1.666s] -- Build files have been written to: /home/aman/ros2_ws/build/examples_rclcpp_multithreaded_executor
[1.671s] Invoked command in '/home/aman/ros2_ws/build/examples_rclcpp_multithreaded_executor' returned '0': CMAKE_PREFIX_PATH=/opt/ros/humble /usr/bin/cmake /home/aman/ros2_ws/src/examples/rclcpp/executors/multithreaded_executor -DAMENT_CMAKE_SYMLINK_INSTALL=1 -DCMAKE_INSTALL_PREFIX=/home/aman/ros2_ws/install/examples_rclcpp_multithreaded_executor
[1.672s] Invoking command in '/home/aman/ros2_ws/build/examples_rclcpp_multithreaded_executor': CMAKE_PREFIX_PATH=/opt/ros/humble /usr/bin/cmake --build /home/aman/ros2_ws/build/examples_rclcpp_multithreaded_executor -- -j16 -l16
[1.738s] [ 50%] [32mBuilding CXX object CMakeFiles/multithreaded_executor.dir/multithreaded_executor.cpp.o[0m
