[0.004s] Invoking command in '/home/aman/ros2_ws/build/examples_rclcpp_minimal_action_client': CMAKE_PREFIX_PATH=/opt/ros/humble /usr/bin/cmake --build /home/aman/ros2_ws/build/examples_rclcpp_minimal_action_client -- -j16 -l16
[0.027s] [35m[1mConsolidate compiler generated dependencies of target action_client_not_composable[0m
[0.027s] [35m[1mConsolidate compiler generated dependencies of target action_client_member_functions[0m
[0.027s] [35m[1mConsolidate compiler generated dependencies of target action_client_not_composable_with_feedback[0m
[0.027s] [35m[1mConsolidate compiler generated dependencies of target action_client_not_composable_with_cancel[0m
[0.037s] [100%] Built target action_client_not_composable
[0.037s] [100%] Built target action_client_not_composable_with_cancel
[0.037s] [100%] Built target action_client_member_functions
[0.037s] [100%] Built target action_client_not_composable_with_feedback
[0.043s] Invoked command in '/home/aman/ros2_ws/build/examples_rclcpp_minimal_action_client' returned '0': CMAKE_PREFIX_PATH=/opt/ros/humble /usr/bin/cmake --build /home/aman/ros2_ws/build/examples_rclcpp_minimal_action_client -- -j16 -l16
[0.060s] Invoking command in '/home/aman/ros2_ws/build/examples_rclcpp_minimal_action_client': CMAKE_PREFIX_PATH=/opt/ros/humble /usr/bin/cmake --install /home/aman/ros2_ws/build/examples_rclcpp_minimal_action_client
[0.064s] -- Install configuration: "Release"
[0.064s] -- Execute custom install script
[0.064s] -- Up-to-date symlink: /home/aman/ros2_ws/install/examples_rclcpp_minimal_action_client/lib/examples_rclcpp_minimal_action_client/action_client_member_functions
[0.064s] -- Up-to-date symlink: /home/aman/ros2_ws/install/examples_rclcpp_minimal_action_client/lib/examples_rclcpp_minimal_action_client/action_client_not_composable
[0.064s] -- Up-to-date symlink: /home/aman/ros2_ws/install/examples_rclcpp_minimal_action_client/lib/examples_rclcpp_minimal_action_client/action_client_not_composable_with_cancel
[0.065s] -- Up-to-date symlink: /home/aman/ros2_ws/install/examples_rclcpp_minimal_action_client/lib/examples_rclcpp_minimal_action_client/action_client_not_composable_with_feedback
[0.065s] -- Up-to-date symlink: /home/aman/ros2_ws/install/examples_rclcpp_minimal_action_client/share/ament_index/resource_index/package_run_dependencies/examples_rclcpp_minimal_action_client
[0.065s] -- Up-to-date symlink: /home/aman/ros2_ws/install/examples_rclcpp_minimal_action_client/share/ament_index/resource_index/parent_prefix_path/examples_rclcpp_minimal_action_client
[0.065s] -- Up-to-date symlink: /home/aman/ros2_ws/install/examples_rclcpp_minimal_action_client/share/examples_rclcpp_minimal_action_client/environment/ament_prefix_path.sh
[0.065s] -- Up-to-date symlink: /home/aman/ros2_ws/install/examples_rclcpp_minimal_action_client/share/examples_rclcpp_minimal_action_client/environment/ament_prefix_path.dsv
[0.065s] -- Up-to-date symlink: /home/aman/ros2_ws/install/examples_rclcpp_minimal_action_client/share/examples_rclcpp_minimal_action_client/environment/path.sh
[0.065s] -- Up-to-date symlink: /home/aman/ros2_ws/install/examples_rclcpp_minimal_action_client/share/examples_rclcpp_minimal_action_client/environment/path.dsv
[0.065s] -- Up-to-date symlink: /home/aman/ros2_ws/install/examples_rclcpp_minimal_action_client/share/examples_rclcpp_minimal_action_client/local_setup.bash
[0.065s] -- Up-to-date symlink: /home/aman/ros2_ws/install/examples_rclcpp_minimal_action_client/share/examples_rclcpp_minimal_action_client/local_setup.sh
[0.065s] -- Up-to-date symlink: /home/aman/ros2_ws/install/examples_rclcpp_minimal_action_client/share/examples_rclcpp_minimal_action_client/local_setup.zsh
[0.065s] -- Up-to-date symlink: /home/aman/ros2_ws/install/examples_rclcpp_minimal_action_client/share/examples_rclcpp_minimal_action_client/local_setup.dsv
[0.066s] -- Symlinking: /home/aman/ros2_ws/install/examples_rclcpp_minimal_action_client/share/examples_rclcpp_minimal_action_client/package.dsv
[0.070s] -- Up-to-date symlink: /home/aman/ros2_ws/install/examples_rclcpp_minimal_action_client/share/ament_index/resource_index/packages/examples_rclcpp_minimal_action_client
[0.070s] -- Up-to-date symlink: /home/aman/ros2_ws/install/examples_rclcpp_minimal_action_client/share/examples_rclcpp_minimal_action_client/cmake/examples_rclcpp_minimal_action_clientConfig.cmake
[0.070s] -- Up-to-date symlink: /home/aman/ros2_ws/install/examples_rclcpp_minimal_action_client/share/examples_rclcpp_minimal_action_client/cmake/examples_rclcpp_minimal_action_clientConfig-version.cmake
[0.070s] -- Up-to-date symlink: /home/aman/ros2_ws/install/examples_rclcpp_minimal_action_client/share/examples_rclcpp_minimal_action_client/package.xml
[0.071s] Invoked command in '/home/aman/ros2_ws/build/examples_rclcpp_minimal_action_client' returned '0': CMAKE_PREFIX_PATH=/opt/ros/humble /usr/bin/cmake --install /home/aman/ros2_ws/build/examples_rclcpp_minimal_action_client
