[0.040s] Invoking command in '/home/aman/ros2_ws/build/examples_rclcpp_cbg_executor': CMAKE_PREFIX_PATH=/opt/ros/humble /usr/bin/cmake /home/aman/ros2_ws/src/examples/rclcpp/executors/cbg_executor -DAMENT_CMAKE_SYMLINK_INSTALL=1 -DCMAKE_INSTALL_PREFIX=/home/aman/ros2_ws/install/examples_rclcpp_cbg_executor
[1.231s] -- The C compiler identification is GNU 11.4.0
[1.232s] -- The CXX compiler identification is GNU 11.4.0
[1.232s] -- Detecting C compiler ABI info
[1.232s] -- Detecting C compiler ABI info - done
[1.232s] -- Check for working C compiler: /usr/bin/cc - skipped
[1.232s] -- Detecting C compile features
[1.232s] -- Detecting C compile features - done
[1.232s] -- Detecting CXX compiler ABI info
[1.232s] -- Detecting CXX compiler ABI info - done
[1.232s] -- Check for working CXX compiler: /usr/bin/c++ - skipped
[1.232s] -- Detecting CXX compile features
[1.232s] -- Detecting CXX compile features - done
[1.232s] -- Found ament_cmake: 1.3.9 (/opt/ros/humble/share/ament_cmake/cmake)
[1.233s] -- Found Python3: /usr/bin/python3 (found version "3.10.12") found components: Interpreter 
[1.233s] -- Override CMake install command with custom implementation using symlinks instead of copying resources
[1.233s] -- Found rclcpp: 16.0.9 (/opt/ros/humble/share/rclcpp/cmake)
[1.233s] -- Found rosidl_generator_c: 3.1.5 (/opt/ros/humble/share/rosidl_generator_c/cmake)
[1.233s] -- Found rosidl_adapter: 3.1.5 (/opt/ros/humble/share/rosidl_adapter/cmake)
[1.233s] -- Found rosidl_generator_cpp: 3.1.5 (/opt/ros/humble/share/rosidl_generator_cpp/cmake)
[1.233s] -- Using all available rosidl_typesupport_c: rosidl_typesupport_fastrtps_c;rosidl_typesupport_introspection_c
[1.233s] -- Using all available rosidl_typesupport_cpp: rosidl_typesupport_fastrtps_cpp;rosidl_typesupport_introspection_cpp
[1.233s] -- Found rmw_implementation_cmake: 6.1.2 (/opt/ros/humble/share/rmw_implementation_cmake/cmake)
[1.233s] -- Found rmw_fastrtps_cpp: 6.2.6 (/opt/ros/humble/share/rmw_fastrtps_cpp/cmake)
[1.233s] -- Found OpenSSL: /usr/lib/x86_64-linux-gnu/libcrypto.so (found version "3.0.2")  
[1.234s] -- Found FastRTPS: /opt/ros/humble/include  
[1.234s] -- Using RMW implementation 'rmw_fastrtps_cpp' as default
[1.234s] -- Looking for pthread.h
[1.234s] -- Looking for pthread.h - found
[1.234s] -- Performing Test CMAKE_HAVE_LIBC_PTHREAD
[1.277s] -- Performing Test CMAKE_HAVE_LIBC_PTHREAD - Success
[1.279s] -- Found Threads: TRUE  
[1.538s] -- Found ament_lint_auto: 0.12.11 (/opt/ros/humble/share/ament_lint_auto/cmake)
[1.648s] -- Added test 'copyright' to check source files copyright and LICENSE
[1.650s] -- Added test 'cppcheck' to perform static code analysis on C / C++ code
[1.650s] -- Configured cppcheck include dirs: /home/aman/ros2_ws/src/examples/rclcpp/executors/cbg_executor/include
[1.650s] -- Configured cppcheck exclude dirs and/or files: 
[1.652s] -- Added test 'cpplint' to check C / C++ code against the Google style
[1.652s] -- Configured cpplint exclude dirs and/or files: 
[1.653s] -- Added test 'lint_cmake' to check CMake code style
[1.655s] -- Added test 'uncrustify' to check C / C++ code style
[1.655s] -- Configured uncrustify additional arguments: 
[1.656s] -- Added test 'xmllint' to check XML markup files
[1.659s] -- Configuring done
[1.686s] -- Generating done
[1.690s] -- Build files have been written to: /home/aman/ros2_ws/build/examples_rclcpp_cbg_executor
[1.694s] Invoked command in '/home/aman/ros2_ws/build/examples_rclcpp_cbg_executor' returned '0': CMAKE_PREFIX_PATH=/opt/ros/humble /usr/bin/cmake /home/aman/ros2_ws/src/examples/rclcpp/executors/cbg_executor -DAMENT_CMAKE_SYMLINK_INSTALL=1 -DCMAKE_INSTALL_PREFIX=/home/aman/ros2_ws/install/examples_rclcpp_cbg_executor
[1.696s] Invoking command in '/home/aman/ros2_ws/build/examples_rclcpp_cbg_executor': CMAKE_PREFIX_PATH=/opt/ros/humble /usr/bin/cmake --build /home/aman/ros2_ws/build/examples_rclcpp_cbg_executor -- -j16 -l16
[1.855s] [ 10%] [32mBuilding CXX object CMakeFiles/ping_pong.dir/src/ping_pong.cpp.o[0m
[1.855s] [ 20%] [32mBuilding CXX object CMakeFiles/ping_pong.dir/src/examples_rclcpp_cbg_executor/ping_node.cpp.o[0m
[1.855s] [ 30%] [32mBuilding CXX object CMakeFiles/ping_pong.dir/src/examples_rclcpp_cbg_executor/pong_node.cpp.o[0m
[1.855s] [ 40%] [32mBuilding CXX object CMakeFiles/ping.dir/src/ping.cpp.o[0m
[1.855s] [ 50%] [32mBuilding CXX object CMakeFiles/ping.dir/src/examples_rclcpp_cbg_executor/ping_node.cpp.o[0m
[1.856s] [ 60%] [32mBuilding CXX object CMakeFiles/pong.dir/src/pong.cpp.o[0m
[1.856s] [ 70%] [32mBuilding CXX object CMakeFiles/pong.dir/src/examples_rclcpp_cbg_executor/pong_node.cpp.o[0m
