[0.003s] Invoking command in '/home/aman/ros2_ws/build/examples_rclcpp_minimal_publisher': CMAKE_PREFIX_PATH=/opt/ros/humble /usr/bin/cmake --build /home/aman/ros2_ws/build/examples_rclcpp_minimal_publisher -- -j16 -l16
[0.036s] [ 50%] Built target publisher_lambda
[0.036s] [ 50%] Built target publisher_member_function_with_unique_network_flow_endpoints
[0.036s] [ 50%] Built target publisher_member_function_with_type_adapter
[0.037s] [ 66%] Built target publisher_not_composable
[0.037s] [ 83%] Built target publisher_wait_for_all_acked
[0.037s] [100%] Built target publisher_member_function
[0.043s] Invoked command in '/home/aman/ros2_ws/build/examples_rclcpp_minimal_publisher' returned '0': CMAKE_PREFIX_PATH=/opt/ros/humble /usr/bin/cmake --build /home/aman/ros2_ws/build/examples_rclcpp_minimal_publisher -- -j16 -l16
[0.062s] Invoking command in '/home/aman/ros2_ws/build/examples_rclcpp_minimal_publisher': CMAKE_PREFIX_PATH=/opt/ros/humble /usr/bin/cmake --install /home/aman/ros2_ws/build/examples_rclcpp_minimal_publisher
[0.066s] -- Install configuration: "Release"
[0.067s] -- Execute custom install script
[0.067s] -- Up-to-date symlink: /home/aman/ros2_ws/install/examples_rclcpp_minimal_publisher/lib/examples_rclcpp_minimal_publisher/publisher_lambda
[0.067s] -- Up-to-date symlink: /home/aman/ros2_ws/install/examples_rclcpp_minimal_publisher/lib/examples_rclcpp_minimal_publisher/publisher_member_function
[0.067s] -- Up-to-date symlink: /home/aman/ros2_ws/install/examples_rclcpp_minimal_publisher/lib/examples_rclcpp_minimal_publisher/publisher_member_function_with_type_adapter
[0.067s] -- Up-to-date symlink: /home/aman/ros2_ws/install/examples_rclcpp_minimal_publisher/lib/examples_rclcpp_minimal_publisher/publisher_member_function_with_unique_network_flow_endpoints
[0.067s] -- Up-to-date symlink: /home/aman/ros2_ws/install/examples_rclcpp_minimal_publisher/lib/examples_rclcpp_minimal_publisher/publisher_wait_for_all_acked
[0.067s] -- Up-to-date symlink: /home/aman/ros2_ws/install/examples_rclcpp_minimal_publisher/lib/examples_rclcpp_minimal_publisher/publisher_not_composable
[0.067s] -- Up-to-date symlink: /home/aman/ros2_ws/install/examples_rclcpp_minimal_publisher/share/ament_index/resource_index/package_run_dependencies/examples_rclcpp_minimal_publisher
[0.067s] -- Up-to-date symlink: /home/aman/ros2_ws/install/examples_rclcpp_minimal_publisher/share/ament_index/resource_index/parent_prefix_path/examples_rclcpp_minimal_publisher
[0.067s] -- Up-to-date symlink: /home/aman/ros2_ws/install/examples_rclcpp_minimal_publisher/share/examples_rclcpp_minimal_publisher/environment/ament_prefix_path.sh
[0.067s] -- Up-to-date symlink: /home/aman/ros2_ws/install/examples_rclcpp_minimal_publisher/share/examples_rclcpp_minimal_publisher/environment/ament_prefix_path.dsv
[0.068s] -- Up-to-date symlink: /home/aman/ros2_ws/install/examples_rclcpp_minimal_publisher/share/examples_rclcpp_minimal_publisher/environment/path.sh
[0.068s] -- Up-to-date symlink: /home/aman/ros2_ws/install/examples_rclcpp_minimal_publisher/share/examples_rclcpp_minimal_publisher/environment/path.dsv
[0.068s] -- Up-to-date symlink: /home/aman/ros2_ws/install/examples_rclcpp_minimal_publisher/share/examples_rclcpp_minimal_publisher/local_setup.bash
[0.068s] -- Up-to-date symlink: /home/aman/ros2_ws/install/examples_rclcpp_minimal_publisher/share/examples_rclcpp_minimal_publisher/local_setup.sh
[0.068s] -- Up-to-date symlink: /home/aman/ros2_ws/install/examples_rclcpp_minimal_publisher/share/examples_rclcpp_minimal_publisher/local_setup.zsh
[0.068s] -- Up-to-date symlink: /home/aman/ros2_ws/install/examples_rclcpp_minimal_publisher/share/examples_rclcpp_minimal_publisher/local_setup.dsv
[0.068s] -- Symlinking: /home/aman/ros2_ws/install/examples_rclcpp_minimal_publisher/share/examples_rclcpp_minimal_publisher/package.dsv
[0.073s] -- Up-to-date symlink: /home/aman/ros2_ws/install/examples_rclcpp_minimal_publisher/share/ament_index/resource_index/packages/examples_rclcpp_minimal_publisher
[0.073s] -- Up-to-date symlink: /home/aman/ros2_ws/install/examples_rclcpp_minimal_publisher/share/examples_rclcpp_minimal_publisher/cmake/examples_rclcpp_minimal_publisherConfig.cmake
[0.073s] -- Up-to-date symlink: /home/aman/ros2_ws/install/examples_rclcpp_minimal_publisher/share/examples_rclcpp_minimal_publisher/cmake/examples_rclcpp_minimal_publisherConfig-version.cmake
[0.073s] -- Up-to-date symlink: /home/aman/ros2_ws/install/examples_rclcpp_minimal_publisher/share/examples_rclcpp_minimal_publisher/package.xml
[0.074s] Invoked command in '/home/aman/ros2_ws/build/examples_rclcpp_minimal_publisher' returned '0': CMAKE_PREFIX_PATH=/opt/ros/humble /usr/bin/cmake --install /home/aman/ros2_ws/build/examples_rclcpp_minimal_publisher
