[0.867s] Invoking command in '/home/aman/ros2_ws/build/examples_rclpy_minimal_action_client': PYTHONPATH=/home/aman/ros2_ws/build/examples_rclpy_minimal_action_client/prefix_override:/usr/lib/python3/dist-packages/colcon_core/task/python/colcon_distutils_commands:/home/aman/ros2_ws/install/examples_rclpy_minimal_action_client/lib/python3.10/site-packages:${PYTHONPATH} /usr/bin/python3 -W ignore:setup.py install is deprecated setup.py develop --editable --build-directory /home/aman/ros2_ws/build/examples_rclpy_minimal_action_client/build --no-deps symlink_data
[1.194s] running develop
[1.413s] running egg_info
[1.414s] writing examples_rclpy_minimal_action_client.egg-info/PKG-INFO
[1.414s] writing dependency_links to examples_rclpy_minimal_action_client.egg-info/dependency_links.txt
[1.414s] writing entry points to examples_rclpy_minimal_action_client.egg-info/entry_points.txt
[1.414s] writing requirements to examples_rclpy_minimal_action_client.egg-info/requires.txt
[1.414s] writing top-level names to examples_rclpy_minimal_action_client.egg-info/top_level.txt
[1.461s] reading manifest file 'examples_rclpy_minimal_action_client.egg-info/SOURCES.txt'
[1.462s] writing manifest file 'examples_rclpy_minimal_action_client.egg-info/SOURCES.txt'
[1.515s] running build_ext
[1.515s] Creating /home/aman/ros2_ws/install/examples_rclpy_minimal_action_client/lib/python3.10/site-packages/examples-rclpy-minimal-action-client.egg-link (link to .)
[1.516s] Installing client script to /home/aman/ros2_ws/install/examples_rclpy_minimal_action_client/lib/examples_rclpy_minimal_action_client
[1.516s] Installing client_asyncio script to /home/aman/ros2_ws/install/examples_rclpy_minimal_action_client/lib/examples_rclpy_minimal_action_client
[1.516s] Installing client_cancel script to /home/aman/ros2_ws/install/examples_rclpy_minimal_action_client/lib/examples_rclpy_minimal_action_client
[1.516s] Installing client_not_composable script to /home/aman/ros2_ws/install/examples_rclpy_minimal_action_client/lib/examples_rclpy_minimal_action_client
[1.517s] 
[1.517s] Installed /home/aman/ros2_ws/build/examples_rclpy_minimal_action_client
[1.517s] running symlink_data
[1.562s] Invoked command in '/home/aman/ros2_ws/build/examples_rclpy_minimal_action_client' returned '0': PYTHONPATH=/home/aman/ros2_ws/build/examples_rclpy_minimal_action_client/prefix_override:/usr/lib/python3/dist-packages/colcon_core/task/python/colcon_distutils_commands:/home/aman/ros2_ws/install/examples_rclpy_minimal_action_client/lib/python3.10/site-packages:${PYTHONPATH} /usr/bin/python3 -W ignore:setup.py install is deprecated setup.py develop --editable --build-directory /home/aman/ros2_ws/build/examples_rclpy_minimal_action_client/build --no-deps symlink_data
