[0.009s] Invoking command in '/home/aman/ros2_ws/build/examples_rclcpp_async_client': CMAKE_PREFIX_PATH=${CMAKE_PREFIX_PATH}:/home/aman/install/launch_testing_examples:/home/aman/install/examples_rclpy_pointcloud_publisher:/home/aman/install/examples_rclpy_minimal_subscriber:/home/aman/install/examples_rclpy_minimal_service:/home/aman/install/examples_rclpy_minimal_publisher:/home/aman/install/examples_rclpy_minimal_client:/home/aman/install/examples_rclpy_minimal_action_server:/home/aman/install/examples_rclpy_minimal_action_client:/home/aman/install/examples_rclpy_guard_conditions:/home/aman/install/examples_rclpy_executors:/opt/ros/humble /usr/bin/cmake --build /home/aman/ros2_ws/build/examples_rclcpp_async_client -- -j16 -l16
[0.037s] [35m[1mConsolidate compiler generated dependencies of target client_main[0m
[0.047s] [100%] Built target client_main
[0.053s] Invoked command in '/home/aman/ros2_ws/build/examples_rclcpp_async_client' returned '0': CMAKE_PREFIX_PATH=${CMAKE_PREFIX_PATH}:/home/aman/install/launch_testing_examples:/home/aman/install/examples_rclpy_pointcloud_publisher:/home/aman/install/examples_rclpy_minimal_subscriber:/home/aman/install/examples_rclpy_minimal_service:/home/aman/install/examples_rclpy_minimal_publisher:/home/aman/install/examples_rclpy_minimal_client:/home/aman/install/examples_rclpy_minimal_action_server:/home/aman/install/examples_rclpy_minimal_action_client:/home/aman/install/examples_rclpy_guard_conditions:/home/aman/install/examples_rclpy_executors:/opt/ros/humble /usr/bin/cmake --build /home/aman/ros2_ws/build/examples_rclcpp_async_client -- -j16 -l16
[0.072s] Invoking command in '/home/aman/ros2_ws/build/examples_rclcpp_async_client': CMAKE_PREFIX_PATH=${CMAKE_PREFIX_PATH}:/home/aman/install/launch_testing_examples:/home/aman/install/examples_rclpy_pointcloud_publisher:/home/aman/install/examples_rclpy_minimal_subscriber:/home/aman/install/examples_rclpy_minimal_service:/home/aman/install/examples_rclpy_minimal_publisher:/home/aman/install/examples_rclpy_minimal_client:/home/aman/install/examples_rclpy_minimal_action_server:/home/aman/install/examples_rclpy_minimal_action_client:/home/aman/install/examples_rclpy_guard_conditions:/home/aman/install/examples_rclpy_executors:/opt/ros/humble /usr/bin/cmake --install /home/aman/ros2_ws/build/examples_rclcpp_async_client
[0.075s] -- Install configuration: ""
[0.076s] -- Execute custom install script
[0.076s] -- Up-to-date symlink: /home/aman/ros2_ws/install/examples_rclcpp_async_client/lib/examples_rclcpp_async_client/client_main
[0.076s] -- Up-to-date symlink: /home/aman/ros2_ws/install/examples_rclcpp_async_client/share/ament_index/resource_index/package_run_dependencies/examples_rclcpp_async_client
[0.076s] -- Up-to-date symlink: /home/aman/ros2_ws/install/examples_rclcpp_async_client/share/ament_index/resource_index/parent_prefix_path/examples_rclcpp_async_client
[0.076s] -- Up-to-date symlink: /home/aman/ros2_ws/install/examples_rclcpp_async_client/share/examples_rclcpp_async_client/environment/ament_prefix_path.sh
[0.076s] -- Up-to-date symlink: /home/aman/ros2_ws/install/examples_rclcpp_async_client/share/examples_rclcpp_async_client/environment/ament_prefix_path.dsv
[0.076s] -- Up-to-date symlink: /home/aman/ros2_ws/install/examples_rclcpp_async_client/share/examples_rclcpp_async_client/environment/path.sh
[0.076s] -- Up-to-date symlink: /home/aman/ros2_ws/install/examples_rclcpp_async_client/share/examples_rclcpp_async_client/environment/path.dsv
[0.076s] -- Up-to-date symlink: /home/aman/ros2_ws/install/examples_rclcpp_async_client/share/examples_rclcpp_async_client/local_setup.bash
[0.076s] -- Up-to-date symlink: /home/aman/ros2_ws/install/examples_rclcpp_async_client/share/examples_rclcpp_async_client/local_setup.sh
[0.076s] -- Up-to-date symlink: /home/aman/ros2_ws/install/examples_rclcpp_async_client/share/examples_rclcpp_async_client/local_setup.zsh
[0.076s] -- Up-to-date symlink: /home/aman/ros2_ws/install/examples_rclcpp_async_client/share/examples_rclcpp_async_client/local_setup.dsv
[0.076s] -- Symlinking: /home/aman/ros2_ws/install/examples_rclcpp_async_client/share/examples_rclcpp_async_client/package.dsv
[0.081s] -- Up-to-date symlink: /home/aman/ros2_ws/install/examples_rclcpp_async_client/share/ament_index/resource_index/packages/examples_rclcpp_async_client
[0.081s] -- Up-to-date symlink: /home/aman/ros2_ws/install/examples_rclcpp_async_client/share/examples_rclcpp_async_client/cmake/examples_rclcpp_async_clientConfig.cmake
[0.081s] -- Up-to-date symlink: /home/aman/ros2_ws/install/examples_rclcpp_async_client/share/examples_rclcpp_async_client/cmake/examples_rclcpp_async_clientConfig-version.cmake
[0.081s] -- Up-to-date symlink: /home/aman/ros2_ws/install/examples_rclcpp_async_client/share/examples_rclcpp_async_client/package.xml
[0.082s] Invoked command in '/home/aman/ros2_ws/build/examples_rclcpp_async_client' returned '0': CMAKE_PREFIX_PATH=${CMAKE_PREFIX_PATH}:/home/aman/install/launch_testing_examples:/home/aman/install/examples_rclpy_pointcloud_publisher:/home/aman/install/examples_rclpy_minimal_subscriber:/home/aman/install/examples_rclpy_minimal_service:/home/aman/install/examples_rclpy_minimal_publisher:/home/aman/install/examples_rclpy_minimal_client:/home/aman/install/examples_rclpy_minimal_action_server:/home/aman/install/examples_rclpy_minimal_action_client:/home/aman/install/examples_rclpy_guard_conditions:/home/aman/install/examples_rclpy_executors:/opt/ros/humble /usr/bin/cmake --install /home/aman/ros2_ws/build/examples_rclcpp_async_client
