[0.398s] Invoking command in '/home/aman/ros2_ws/build/examples_rclpy_minimal_action_client': PYTHONPATH=/home/aman/ros2_ws/build/examples_rclpy_minimal_action_client/prefix_override:/usr/lib/python3/dist-packages/colcon_core/task/python/colcon_distutils_commands:/home/aman/ros2_ws/install/examples_rclpy_minimal_action_client/lib/python3.10/site-packages:${PYTHONPATH} /usr/bin/python3 -W ignore:setup.py install is deprecated setup.py develop --editable --build-directory /home/aman/ros2_ws/build/examples_rclpy_minimal_action_client/build --no-deps symlink_data
[0.547s] running develop
[0.631s] running egg_info
[0.631s] writing examples_rclpy_minimal_action_client.egg-info/PKG-INFO
[0.631s] writing dependency_links to examples_rclpy_minimal_action_client.egg-info/dependency_links.txt
[0.631s] writing entry points to examples_rclpy_minimal_action_client.egg-info/entry_points.txt
[0.631s] writing requirements to examples_rclpy_minimal_action_client.egg-info/requires.txt
[0.631s] writing top-level names to examples_rclpy_minimal_action_client.egg-info/top_level.txt
[0.652s] reading manifest file 'examples_rclpy_minimal_action_client.egg-info/SOURCES.txt'
[0.653s] writing manifest file 'examples_rclpy_minimal_action_client.egg-info/SOURCES.txt'
[0.677s] running build_ext
[0.677s] Creating /home/aman/ros2_ws/install/examples_rclpy_minimal_action_client/lib/python3.10/site-packages/examples-rclpy-minimal-action-client.egg-link (link to .)
[0.678s] Installing client script to /home/aman/ros2_ws/install/examples_rclpy_minimal_action_client/lib/examples_rclpy_minimal_action_client
[0.678s] Installing client_asyncio script to /home/aman/ros2_ws/install/examples_rclpy_minimal_action_client/lib/examples_rclpy_minimal_action_client
[0.678s] Installing client_cancel script to /home/aman/ros2_ws/install/examples_rclpy_minimal_action_client/lib/examples_rclpy_minimal_action_client
[0.678s] Installing client_not_composable script to /home/aman/ros2_ws/install/examples_rclpy_minimal_action_client/lib/examples_rclpy_minimal_action_client
[0.678s] 
[0.678s] Installed /home/aman/ros2_ws/build/examples_rclpy_minimal_action_client
[0.678s] running symlink_data
[0.697s] Invoked command in '/home/aman/ros2_ws/build/examples_rclpy_minimal_action_client' returned '0': PYTHONPATH=/home/aman/ros2_ws/build/examples_rclpy_minimal_action_client/prefix_override:/usr/lib/python3/dist-packages/colcon_core/task/python/colcon_distutils_commands:/home/aman/ros2_ws/install/examples_rclpy_minimal_action_client/lib/python3.10/site-packages:${PYTHONPATH} /usr/bin/python3 -W ignore:setup.py install is deprecated setup.py develop --editable --build-directory /home/aman/ros2_ws/build/examples_rclpy_minimal_action_client/build --no-deps symlink_data
