[0.676s] Invoking command in '/home/aman/ros2_ws/build/examples_rclpy_minimal_action_server': PYTHONPATH=/home/aman/ros2_ws/build/examples_rclpy_minimal_action_server/prefix_override:/usr/lib/python3/dist-packages/colcon_core/task/python/colcon_distutils_commands:/home/aman/ros2_ws/install/examples_rclpy_minimal_action_server/lib/python3.10/site-packages:${PYTHONPATH} /usr/bin/python3 -W ignore:setup.py install is deprecated setup.py develop --editable --build-directory /home/aman/ros2_ws/build/examples_rclpy_minimal_action_server/build --no-deps symlink_data
[0.884s] running develop
[1.004s] running egg_info
[1.004s] writing examples_rclpy_minimal_action_server.egg-info/PKG-INFO
[1.004s] writing dependency_links to examples_rclpy_minimal_action_server.egg-info/dependency_links.txt
[1.004s] writing entry points to examples_rclpy_minimal_action_server.egg-info/entry_points.txt
[1.004s] writing requirements to examples_rclpy_minimal_action_server.egg-info/requires.txt
[1.004s] writing top-level names to examples_rclpy_minimal_action_server.egg-info/top_level.txt
[1.035s] reading manifest file 'examples_rclpy_minimal_action_server.egg-info/SOURCES.txt'
[1.036s] writing manifest file 'examples_rclpy_minimal_action_server.egg-info/SOURCES.txt'
[1.070s] running build_ext
[1.070s] Creating /home/aman/ros2_ws/install/examples_rclpy_minimal_action_server/lib/python3.10/site-packages/examples-rclpy-minimal-action-server.egg-link (link to .)
[1.071s] Installing server script to /home/aman/ros2_ws/install/examples_rclpy_minimal_action_server/lib/examples_rclpy_minimal_action_server
[1.071s] Installing server_defer script to /home/aman/ros2_ws/install/examples_rclpy_minimal_action_server/lib/examples_rclpy_minimal_action_server
[1.071s] Installing server_not_composable script to /home/aman/ros2_ws/install/examples_rclpy_minimal_action_server/lib/examples_rclpy_minimal_action_server
[1.071s] Installing server_queue_goals script to /home/aman/ros2_ws/install/examples_rclpy_minimal_action_server/lib/examples_rclpy_minimal_action_server
[1.071s] Installing server_single_goal script to /home/aman/ros2_ws/install/examples_rclpy_minimal_action_server/lib/examples_rclpy_minimal_action_server
[1.071s] 
[1.071s] Installed /home/aman/ros2_ws/build/examples_rclpy_minimal_action_server
[1.071s] running symlink_data
[1.172s] Invoked command in '/home/aman/ros2_ws/build/examples_rclpy_minimal_action_server' returned '0': PYTHONPATH=/home/aman/ros2_ws/build/examples_rclpy_minimal_action_server/prefix_override:/usr/lib/python3/dist-packages/colcon_core/task/python/colcon_distutils_commands:/home/aman/ros2_ws/install/examples_rclpy_minimal_action_server/lib/python3.10/site-packages:${PYTHONPATH} /usr/bin/python3 -W ignore:setup.py install is deprecated setup.py develop --editable --build-directory /home/aman/ros2_ws/build/examples_rclpy_minimal_action_server/build --no-deps symlink_data
