[0.007s] Invoking command in '/home/aman/ros2_ws/build/examples_rclcpp_async_client': CMAKE_PREFIX_PATH=/opt/ros/humble /usr/bin/cmake --build /home/aman/ros2_ws/build/examples_rclcpp_async_client -- -j16 -l16
[0.068s] [100%] Built target client_main
[0.073s] Invoked command in '/home/aman/ros2_ws/build/examples_rclcpp_async_client' returned '0': CMAKE_PREFIX_PATH=/opt/ros/humble /usr/bin/cmake --build /home/aman/ros2_ws/build/examples_rclcpp_async_client -- -j16 -l16
[0.090s] Invoking command in '/home/aman/ros2_ws/build/examples_rclcpp_async_client': CMAKE_PREFIX_PATH=/opt/ros/humble /usr/bin/cmake --install /home/aman/ros2_ws/build/examples_rclcpp_async_client
[0.094s] -- Install configuration: "Release"
[0.095s] -- Execute custom install script
[0.096s] -- Up-to-date symlink: /home/aman/ros2_ws/install/examples_rclcpp_async_client/lib/examples_rclcpp_async_client/client_main
[0.096s] -- Up-to-date symlink: /home/aman/ros2_ws/install/examples_rclcpp_async_client/share/ament_index/resource_index/package_run_dependencies/examples_rclcpp_async_client
[0.096s] -- Up-to-date symlink: /home/aman/ros2_ws/install/examples_rclcpp_async_client/share/ament_index/resource_index/parent_prefix_path/examples_rclcpp_async_client
[0.096s] -- Up-to-date symlink: /home/aman/ros2_ws/install/examples_rclcpp_async_client/share/examples_rclcpp_async_client/environment/ament_prefix_path.sh
[0.096s] -- Up-to-date symlink: /home/aman/ros2_ws/install/examples_rclcpp_async_client/share/examples_rclcpp_async_client/environment/ament_prefix_path.dsv
[0.097s] -- Up-to-date symlink: /home/aman/ros2_ws/install/examples_rclcpp_async_client/share/examples_rclcpp_async_client/environment/path.sh
[0.097s] -- Up-to-date symlink: /home/aman/ros2_ws/install/examples_rclcpp_async_client/share/examples_rclcpp_async_client/environment/path.dsv
[0.097s] -- Up-to-date symlink: /home/aman/ros2_ws/install/examples_rclcpp_async_client/share/examples_rclcpp_async_client/local_setup.bash
[0.097s] -- Up-to-date symlink: /home/aman/ros2_ws/install/examples_rclcpp_async_client/share/examples_rclcpp_async_client/local_setup.sh
[0.097s] -- Up-to-date symlink: /home/aman/ros2_ws/install/examples_rclcpp_async_client/share/examples_rclcpp_async_client/local_setup.zsh
[0.097s] -- Up-to-date symlink: /home/aman/ros2_ws/install/examples_rclcpp_async_client/share/examples_rclcpp_async_client/local_setup.dsv
[0.097s] -- Symlinking: /home/aman/ros2_ws/install/examples_rclcpp_async_client/share/examples_rclcpp_async_client/package.dsv
[0.102s] -- Up-to-date symlink: /home/aman/ros2_ws/install/examples_rclcpp_async_client/share/ament_index/resource_index/packages/examples_rclcpp_async_client
[0.102s] -- Up-to-date symlink: /home/aman/ros2_ws/install/examples_rclcpp_async_client/share/examples_rclcpp_async_client/cmake/examples_rclcpp_async_clientConfig.cmake
[0.103s] -- Up-to-date symlink: /home/aman/ros2_ws/install/examples_rclcpp_async_client/share/examples_rclcpp_async_client/cmake/examples_rclcpp_async_clientConfig-version.cmake
[0.103s] -- Up-to-date symlink: /home/aman/ros2_ws/install/examples_rclcpp_async_client/share/examples_rclcpp_async_client/package.xml
[0.104s] Invoked command in '/home/aman/ros2_ws/build/examples_rclcpp_async_client' returned '0': CMAKE_PREFIX_PATH=/opt/ros/humble /usr/bin/cmake --install /home/aman/ros2_ws/build/examples_rclcpp_async_client
