[0.048s] Invoking command in '/home/aman/ros2_ws/build/examples_rclcpp_minimal_timer': CMAKE_PREFIX_PATH=/opt/ros/humble /usr/bin/cmake /home/aman/ros2_ws/src/examples/rclcpp/timers/minimal_timer -DAMENT_CMAKE_SYMLINK_INSTALL=1 -DCMAKE_INSTALL_PREFIX=/home/aman/ros2_ws/install/examples_rclcpp_minimal_timer
[1.237s] -- The C compiler identification is GNU 11.4.0
[1.237s] -- The CXX compiler identification is GNU 11.4.0
[1.237s] -- Detecting C compiler ABI info
[1.237s] -- Detecting C compiler ABI info - done
[1.237s] -- Check for working C compiler: /usr/bin/cc - skipped
[1.237s] -- Detecting C compile features
[1.237s] -- Detecting C compile features - done
[1.238s] -- Detecting CXX compiler ABI info
[1.238s] -- Detecting CXX compiler ABI info - done
[1.238s] -- Check for working CXX compiler: /usr/bin/c++ - skipped
[1.238s] -- Detecting CXX compile features
[1.238s] -- Detecting CXX compile features - done
[1.238s] -- Found ament_cmake: 1.3.9 (/opt/ros/humble/share/ament_cmake/cmake)
[1.238s] -- Found Python3: /usr/bin/python3 (found version "3.10.12") found components: Interpreter 
[1.238s] -- Override CMake install command with custom implementation using symlinks instead of copying resources
[1.238s] -- Found rclcpp: 16.0.9 (/opt/ros/humble/share/rclcpp/cmake)
[1.239s] -- Found rosidl_generator_c: 3.1.5 (/opt/ros/humble/share/rosidl_generator_c/cmake)
[1.239s] -- Found rosidl_adapter: 3.1.5 (/opt/ros/humble/share/rosidl_adapter/cmake)
[1.239s] -- Found rosidl_generator_cpp: 3.1.5 (/opt/ros/humble/share/rosidl_generator_cpp/cmake)
[1.239s] -- Using all available rosidl_typesupport_c: rosidl_typesupport_fastrtps_c;rosidl_typesupport_introspection_c
[1.239s] -- Using all available rosidl_typesupport_cpp: rosidl_typesupport_fastrtps_cpp;rosidl_typesupport_introspection_cpp
[1.239s] -- Found rmw_implementation_cmake: 6.1.2 (/opt/ros/humble/share/rmw_implementation_cmake/cmake)
[1.239s] -- Found rmw_fastrtps_cpp: 6.2.6 (/opt/ros/humble/share/rmw_fastrtps_cpp/cmake)
[1.239s] -- Found OpenSSL: /usr/lib/x86_64-linux-gnu/libcrypto.so (found version "3.0.2")  
[1.239s] -- Found FastRTPS: /opt/ros/humble/include  
[1.239s] -- Using RMW implementation 'rmw_fastrtps_cpp' as default
[1.239s] -- Looking for pthread.h
[1.240s] -- Looking for pthread.h - found
[1.240s] -- Performing Test CMAKE_HAVE_LIBC_PTHREAD
[1.274s] -- Performing Test CMAKE_HAVE_LIBC_PTHREAD - Success
[1.274s] -- Found Threads: TRUE  
[1.526s] -- Found ament_lint_auto: 0.12.11 (/opt/ros/humble/share/ament_lint_auto/cmake)
[1.623s] -- Added test 'copyright' to check source files copyright and LICENSE
[1.625s] -- Added test 'cppcheck' to perform static code analysis on C / C++ code
[1.625s] -- Configured cppcheck include dirs: 
[1.626s] -- Configured cppcheck exclude dirs and/or files: 
[1.627s] -- Added test 'cpplint' to check C / C++ code against the Google style
[1.627s] -- Configured cpplint exclude dirs and/or files: 
[1.628s] -- Added test 'lint_cmake' to check CMake code style
[1.629s] -- Added test 'uncrustify' to check C / C++ code style
[1.629s] -- Configured uncrustify additional arguments: 
[1.630s] -- Added test 'xmllint' to check XML markup files
[1.632s] -- Configuring done
[1.646s] -- Generating done
[1.648s] -- Build files have been written to: /home/aman/ros2_ws/build/examples_rclcpp_minimal_timer
[1.660s] Invoked command in '/home/aman/ros2_ws/build/examples_rclcpp_minimal_timer' returned '0': CMAKE_PREFIX_PATH=/opt/ros/humble /usr/bin/cmake /home/aman/ros2_ws/src/examples/rclcpp/timers/minimal_timer -DAMENT_CMAKE_SYMLINK_INSTALL=1 -DCMAKE_INSTALL_PREFIX=/home/aman/ros2_ws/install/examples_rclcpp_minimal_timer
[1.671s] Invoking command in '/home/aman/ros2_ws/build/examples_rclcpp_minimal_timer': CMAKE_PREFIX_PATH=/opt/ros/humble /usr/bin/cmake --build /home/aman/ros2_ws/build/examples_rclcpp_minimal_timer -- -j16 -l16
[1.727s] [ 25%] [32mBuilding CXX object CMakeFiles/timer_member_function.dir/member_function.cpp.o[0m
[1.740s] [ 50%] [32mBuilding CXX object CMakeFiles/timer_lambda.dir/lambda.cpp.o[0m
