[1.007s] Invoking command in '/home/aman/ros2_ws/build/examples_rclpy_executors': PYTHONPATH=/home/aman/ros2_ws/build/examples_rclpy_executors/prefix_override:/usr/lib/python3/dist-packages/colcon_core/task/python/colcon_distutils_commands:/home/aman/ros2_ws/install/examples_rclpy_executors/lib/python3.10/site-packages:${PYTHONPATH} /usr/bin/python3 -W ignore:setup.py install is deprecated setup.py develop --editable --build-directory /home/aman/ros2_ws/build/examples_rclpy_executors/build --no-deps symlink_data
[1.395s] running develop
[1.612s] running egg_info
[1.612s] writing examples_rclpy_executors.egg-info/PKG-INFO
[1.612s] writing dependency_links to examples_rclpy_executors.egg-info/dependency_links.txt
[1.612s] writing entry points to examples_rclpy_executors.egg-info/entry_points.txt
[1.612s] writing requirements to examples_rclpy_executors.egg-info/requires.txt
[1.612s] writing top-level names to examples_rclpy_executors.egg-info/top_level.txt
[1.665s] reading manifest file 'examples_rclpy_executors.egg-info/SOURCES.txt'
[1.666s] writing manifest file 'examples_rclpy_executors.egg-info/SOURCES.txt'
[1.730s] running build_ext
[1.731s] Creating /home/aman/ros2_ws/install/examples_rclpy_executors/lib/python3.10/site-packages/examples-rclpy-executors.egg-link (link to .)
[1.732s] Installing callback_group script to /home/aman/ros2_ws/install/examples_rclpy_executors/lib/examples_rclpy_executors
[1.732s] Installing composed script to /home/aman/ros2_ws/install/examples_rclpy_executors/lib/examples_rclpy_executors
[1.732s] Installing custom_callback_group script to /home/aman/ros2_ws/install/examples_rclpy_executors/lib/examples_rclpy_executors
[1.732s] Installing custom_executor script to /home/aman/ros2_ws/install/examples_rclpy_executors/lib/examples_rclpy_executors
[1.732s] Installing listener script to /home/aman/ros2_ws/install/examples_rclpy_executors/lib/examples_rclpy_executors
[1.732s] Installing talker script to /home/aman/ros2_ws/install/examples_rclpy_executors/lib/examples_rclpy_executors
[1.733s] 
[1.733s] Installed /home/aman/ros2_ws/build/examples_rclpy_executors
[1.733s] running symlink_data
[1.783s] Invoked command in '/home/aman/ros2_ws/build/examples_rclpy_executors' returned '0': PYTHONPATH=/home/aman/ros2_ws/build/examples_rclpy_executors/prefix_override:/usr/lib/python3/dist-packages/colcon_core/task/python/colcon_distutils_commands:/home/aman/ros2_ws/install/examples_rclpy_executors/lib/python3.10/site-packages:${PYTHONPATH} /usr/bin/python3 -W ignore:setup.py install is deprecated setup.py develop --editable --build-directory /home/aman/ros2_ws/build/examples_rclpy_executors/build --no-deps symlink_data
