[0.543s] Invoking command in '/home/aman/ros2_ws/build/examples_rclpy_minimal_publisher': PYTHONPATH=/home/aman/ros2_ws/build/examples_rclpy_minimal_publisher/prefix_override:/usr/lib/python3/dist-packages/colcon_core/task/python/colcon_distutils_commands:/home/aman/ros2_ws/install/examples_rclpy_minimal_publisher/lib/python3.10/site-packages:${PYTHONPATH} /usr/bin/python3 -W ignore:setup.py install is deprecated setup.py develop --editable --build-directory /home/aman/ros2_ws/build/examples_rclpy_minimal_publisher/build --no-deps symlink_data
[0.742s] running develop
[0.852s] running egg_info
[0.852s] creating examples_rclpy_minimal_publisher.egg-info
[0.852s] writing examples_rclpy_minimal_publisher.egg-info/PKG-INFO
[0.852s] writing dependency_links to examples_rclpy_minimal_publisher.egg-info/dependency_links.txt
[0.852s] writing entry points to examples_rclpy_minimal_publisher.egg-info/entry_points.txt
[0.852s] writing requirements to examples_rclpy_minimal_publisher.egg-info/requires.txt
[0.852s] writing top-level names to examples_rclpy_minimal_publisher.egg-info/top_level.txt
[0.853s] writing manifest file 'examples_rclpy_minimal_publisher.egg-info/SOURCES.txt'
[0.879s] reading manifest file 'examples_rclpy_minimal_publisher.egg-info/SOURCES.txt'
[0.879s] writing manifest file 'examples_rclpy_minimal_publisher.egg-info/SOURCES.txt'
[0.913s] running build_ext
[0.913s] Creating /home/aman/ros2_ws/install/examples_rclpy_minimal_publisher/lib/python3.10/site-packages/examples-rclpy-minimal-publisher.egg-link (link to .)
[0.913s] Installing publisher_local_function script to /home/aman/ros2_ws/install/examples_rclpy_minimal_publisher/lib/examples_rclpy_minimal_publisher
[0.914s] Installing publisher_member_function script to /home/aman/ros2_ws/install/examples_rclpy_minimal_publisher/lib/examples_rclpy_minimal_publisher
[0.914s] Installing publisher_old_school script to /home/aman/ros2_ws/install/examples_rclpy_minimal_publisher/lib/examples_rclpy_minimal_publisher
[0.914s] 
[0.914s] Installed /home/aman/ros2_ws/build/examples_rclpy_minimal_publisher
[0.914s] running symlink_data
[0.914s] creating /home/aman/ros2_ws/install/examples_rclpy_minimal_publisher/share/ament_index
[0.914s] creating /home/aman/ros2_ws/install/examples_rclpy_minimal_publisher/share/ament_index/resource_index
[0.914s] creating /home/aman/ros2_ws/install/examples_rclpy_minimal_publisher/share/ament_index/resource_index/packages
[0.914s] symbolically linking /home/aman/ros2_ws/build/examples_rclpy_minimal_publisher/resource/examples_rclpy_minimal_publisher -> /home/aman/ros2_ws/install/examples_rclpy_minimal_publisher/share/ament_index/resource_index/packages
[0.915s] symbolically linking /home/aman/ros2_ws/build/examples_rclpy_minimal_publisher/package.xml -> /home/aman/ros2_ws/install/examples_rclpy_minimal_publisher/share/examples_rclpy_minimal_publisher
[0.947s] Invoked command in '/home/aman/ros2_ws/build/examples_rclpy_minimal_publisher' returned '0': PYTHONPATH=/home/aman/ros2_ws/build/examples_rclpy_minimal_publisher/prefix_override:/usr/lib/python3/dist-packages/colcon_core/task/python/colcon_distutils_commands:/home/aman/ros2_ws/install/examples_rclpy_minimal_publisher/lib/python3.10/site-packages:${PYTHONPATH} /usr/bin/python3 -W ignore:setup.py install is deprecated setup.py develop --editable --build-directory /home/aman/ros2_ws/build/examples_rclpy_minimal_publisher/build --no-deps symlink_data
