[0.006s] Invoking command in '/home/aman/ros2_ws/build/examples_rclcpp_wait_set': CMAKE_PREFIX_PATH=/opt/ros/humble /usr/bin/cmake --build /home/aman/ros2_ws/build/examples_rclcpp_wait_set -- -j16 -l16
[0.040s] [  8%] Built target listener
[0.041s] [ 16%] Built target wait_set_topics_with_different_rates
[0.041s] [ 25%] Built target wait_set
[0.041s] [ 33%] Built target talker
[0.042s] [ 41%] Built target static_wait_set
[0.042s] [ 50%] Built target thread_safe_wait_set
[0.043s] [ 62%] Built target wait_set_listener
[0.043s] [ 66%] Built target wait_set_talker
[0.043s] [ 75%] Built target executor_random_order
[0.044s] [ 83%] Built target wait_set_random_order
[0.045s] [ 91%] Built target wait_set_topics_and_timer
[0.055s] [100%] Built target wait_set_composed
[0.165s] Invoked command in '/home/aman/ros2_ws/build/examples_rclcpp_wait_set' returned '0': CMAKE_PREFIX_PATH=/opt/ros/humble /usr/bin/cmake --build /home/aman/ros2_ws/build/examples_rclcpp_wait_set -- -j16 -l16
[0.195s] Invoking command in '/home/aman/ros2_ws/build/examples_rclcpp_wait_set': CMAKE_PREFIX_PATH=/opt/ros/humble /usr/bin/cmake --install /home/aman/ros2_ws/build/examples_rclcpp_wait_set
[0.200s] -- Install configuration: "Release"
[0.200s] -- Execute custom install script
[0.200s] -- Up-to-date symlink: /home/aman/ros2_ws/install/examples_rclcpp_wait_set/lib/examples_rclcpp_wait_set/wait_set_talker
[0.200s] -- Up-to-date symlink: /home/aman/ros2_ws/install/examples_rclcpp_wait_set/lib/examples_rclcpp_wait_set/wait_set_listener
[0.200s] -- Up-to-date symlink: /home/aman/ros2_ws/install/examples_rclcpp_wait_set/lib/libtalker.so
[0.200s] -- Up-to-date symlink: /home/aman/ros2_ws/install/examples_rclcpp_wait_set/lib/liblistener.so
[0.200s] -- Up-to-date symlink: /home/aman/ros2_ws/install/examples_rclcpp_wait_set/lib/examples_rclcpp_wait_set/wait_set
[0.201s] -- Up-to-date symlink: /home/aman/ros2_ws/install/examples_rclcpp_wait_set/lib/examples_rclcpp_wait_set/static_wait_set
[0.201s] -- Up-to-date symlink: /home/aman/ros2_ws/install/examples_rclcpp_wait_set/lib/examples_rclcpp_wait_set/thread_safe_wait_set
[0.201s] -- Up-to-date symlink: /home/aman/ros2_ws/install/examples_rclcpp_wait_set/lib/examples_rclcpp_wait_set/wait_set_topics_and_timer
[0.201s] -- Up-to-date symlink: /home/aman/ros2_ws/install/examples_rclcpp_wait_set/lib/examples_rclcpp_wait_set/wait_set_random_order
[0.201s] -- Up-to-date symlink: /home/aman/ros2_ws/install/examples_rclcpp_wait_set/lib/examples_rclcpp_wait_set/executor_random_order
[0.201s] -- Up-to-date symlink: /home/aman/ros2_ws/install/examples_rclcpp_wait_set/lib/examples_rclcpp_wait_set/wait_set_topics_with_different_rates
[0.201s] -- Up-to-date symlink: /home/aman/ros2_ws/install/examples_rclcpp_wait_set/lib/examples_rclcpp_wait_set/wait_set_composed
[0.201s] -- Up-to-date symlink: /home/aman/ros2_ws/install/examples_rclcpp_wait_set/share/ament_index/resource_index/package_run_dependencies/examples_rclcpp_wait_set
[0.201s] -- Up-to-date symlink: /home/aman/ros2_ws/install/examples_rclcpp_wait_set/share/ament_index/resource_index/parent_prefix_path/examples_rclcpp_wait_set
[0.201s] -- Up-to-date symlink: /home/aman/ros2_ws/install/examples_rclcpp_wait_set/share/examples_rclcpp_wait_set/environment/ament_prefix_path.sh
[0.201s] -- Up-to-date symlink: /home/aman/ros2_ws/install/examples_rclcpp_wait_set/share/examples_rclcpp_wait_set/environment/ament_prefix_path.dsv
[0.201s] -- Up-to-date symlink: /home/aman/ros2_ws/install/examples_rclcpp_wait_set/share/examples_rclcpp_wait_set/environment/path.sh
[0.201s] -- Up-to-date symlink: /home/aman/ros2_ws/install/examples_rclcpp_wait_set/share/examples_rclcpp_wait_set/environment/path.dsv
[0.201s] -- Up-to-date symlink: /home/aman/ros2_ws/install/examples_rclcpp_wait_set/share/examples_rclcpp_wait_set/local_setup.bash
[0.201s] -- Up-to-date symlink: /home/aman/ros2_ws/install/examples_rclcpp_wait_set/share/examples_rclcpp_wait_set/local_setup.sh
[0.202s] -- Up-to-date symlink: /home/aman/ros2_ws/install/examples_rclcpp_wait_set/share/examples_rclcpp_wait_set/local_setup.zsh
[0.202s] -- Up-to-date symlink: /home/aman/ros2_ws/install/examples_rclcpp_wait_set/share/examples_rclcpp_wait_set/local_setup.dsv
[0.202s] -- Symlinking: /home/aman/ros2_ws/install/examples_rclcpp_wait_set/share/examples_rclcpp_wait_set/package.dsv
[0.207s] -- Up-to-date symlink: /home/aman/ros2_ws/install/examples_rclcpp_wait_set/share/ament_index/resource_index/packages/examples_rclcpp_wait_set
[0.207s] -- Up-to-date symlink: /home/aman/ros2_ws/install/examples_rclcpp_wait_set/share/ament_index/resource_index/rclcpp_components/examples_rclcpp_wait_set
[0.207s] -- Up-to-date symlink: /home/aman/ros2_ws/install/examples_rclcpp_wait_set/share/examples_rclcpp_wait_set/cmake/examples_rclcpp_wait_setConfig.cmake
[0.207s] -- Up-to-date symlink: /home/aman/ros2_ws/install/examples_rclcpp_wait_set/share/examples_rclcpp_wait_set/cmake/examples_rclcpp_wait_setConfig-version.cmake
[0.207s] -- Up-to-date symlink: /home/aman/ros2_ws/install/examples_rclcpp_wait_set/share/examples_rclcpp_wait_set/package.xml
[0.208s] Invoked command in '/home/aman/ros2_ws/build/examples_rclcpp_wait_set' returned '0': CMAKE_PREFIX_PATH=/opt/ros/humble /usr/bin/cmake --install /home/aman/ros2_ws/build/examples_rclcpp_wait_set
