[0.004s] Invoking command in '/home/aman/ros2_ws/build/examples_rclcpp_minimal_action_client': CMAKE_PREFIX_PATH=/opt/ros/humble /usr/bin/cmake --build /home/aman/ros2_ws/build/examples_rclcpp_minimal_action_client -- -j16 -l16
[0.042s] [ 37%] [32mBuilding CXX object CMakeFiles/action_client_not_composable_with_cancel.dir/not_composable_with_cancel.cpp.o[0m
[0.042s] [ 37%] [32mBuilding CXX object CMakeFiles/action_client_not_composable_with_feedback.dir/not_composable_with_feedback.cpp.o[0m
[0.042s] [ 50%] [32mBuilding CXX object CMakeFiles/action_client_member_functions.dir/member_functions.cpp.o[0m
[0.042s] [ 50%] [32mBuilding CXX object CMakeFiles/action_client_not_composable.dir/not_composable.cpp.o[0m
[3.421s] [ 62%] [32m[1mLinking CXX executable action_client_not_composable[0m
[3.485s] [ 75%] [32m[1mLinking CXX executable action_client_not_composable_with_feedback[0m
[3.509s] [ 87%] [32m[1mLinking CXX executable action_client_not_composable_with_cancel[0m
[3.524s] [ 87%] Built target action_client_not_composable
[3.591s] [ 87%] Built target action_client_not_composable_with_feedback
[3.601s] [100%] [32m[1mLinking CXX executable action_client_member_functions[0m
[3.622s] [100%] Built target action_client_not_composable_with_cancel
[3.689s] [100%] Built target action_client_member_functions
[3.697s] Invoked command in '/home/aman/ros2_ws/build/examples_rclcpp_minimal_action_client' returned '0': CMAKE_PREFIX_PATH=/opt/ros/humble /usr/bin/cmake --build /home/aman/ros2_ws/build/examples_rclcpp_minimal_action_client -- -j16 -l16
[3.717s] Invoking command in '/home/aman/ros2_ws/build/examples_rclcpp_minimal_action_client': CMAKE_PREFIX_PATH=/opt/ros/humble /usr/bin/cmake --install /home/aman/ros2_ws/build/examples_rclcpp_minimal_action_client
[3.722s] -- Install configuration: "Release"
[3.723s] -- Execute custom install script
[3.723s] -- Up-to-date symlink: /home/aman/ros2_ws/install/examples_rclcpp_minimal_action_client/lib/examples_rclcpp_minimal_action_client/action_client_member_functions
[3.724s] -- Up-to-date symlink: /home/aman/ros2_ws/install/examples_rclcpp_minimal_action_client/lib/examples_rclcpp_minimal_action_client/action_client_not_composable
[3.724s] -- Up-to-date symlink: /home/aman/ros2_ws/install/examples_rclcpp_minimal_action_client/lib/examples_rclcpp_minimal_action_client/action_client_not_composable_with_cancel
[3.724s] -- Up-to-date symlink: /home/aman/ros2_ws/install/examples_rclcpp_minimal_action_client/lib/examples_rclcpp_minimal_action_client/action_client_not_composable_with_feedback
[3.724s] -- Up-to-date symlink: /home/aman/ros2_ws/install/examples_rclcpp_minimal_action_client/share/ament_index/resource_index/package_run_dependencies/examples_rclcpp_minimal_action_client
[3.725s] -- Up-to-date symlink: /home/aman/ros2_ws/install/examples_rclcpp_minimal_action_client/share/ament_index/resource_index/parent_prefix_path/examples_rclcpp_minimal_action_client
[3.725s] -- Up-to-date symlink: /home/aman/ros2_ws/install/examples_rclcpp_minimal_action_client/share/examples_rclcpp_minimal_action_client/environment/ament_prefix_path.sh
[3.725s] -- Up-to-date symlink: /home/aman/ros2_ws/install/examples_rclcpp_minimal_action_client/share/examples_rclcpp_minimal_action_client/environment/ament_prefix_path.dsv
[3.725s] -- Up-to-date symlink: /home/aman/ros2_ws/install/examples_rclcpp_minimal_action_client/share/examples_rclcpp_minimal_action_client/environment/path.sh
[3.725s] -- Up-to-date symlink: /home/aman/ros2_ws/install/examples_rclcpp_minimal_action_client/share/examples_rclcpp_minimal_action_client/environment/path.dsv
[3.726s] -- Up-to-date symlink: /home/aman/ros2_ws/install/examples_rclcpp_minimal_action_client/share/examples_rclcpp_minimal_action_client/local_setup.bash
[3.726s] -- Up-to-date symlink: /home/aman/ros2_ws/install/examples_rclcpp_minimal_action_client/share/examples_rclcpp_minimal_action_client/local_setup.sh
[3.726s] -- Up-to-date symlink: /home/aman/ros2_ws/install/examples_rclcpp_minimal_action_client/share/examples_rclcpp_minimal_action_client/local_setup.zsh
[3.726s] -- Up-to-date symlink: /home/aman/ros2_ws/install/examples_rclcpp_minimal_action_client/share/examples_rclcpp_minimal_action_client/local_setup.dsv
[3.726s] -- Symlinking: /home/aman/ros2_ws/install/examples_rclcpp_minimal_action_client/share/examples_rclcpp_minimal_action_client/package.dsv
[3.733s] -- Up-to-date symlink: /home/aman/ros2_ws/install/examples_rclcpp_minimal_action_client/share/ament_index/resource_index/packages/examples_rclcpp_minimal_action_client
[3.733s] -- Up-to-date symlink: /home/aman/ros2_ws/install/examples_rclcpp_minimal_action_client/share/examples_rclcpp_minimal_action_client/cmake/examples_rclcpp_minimal_action_clientConfig.cmake
[3.733s] -- Up-to-date symlink: /home/aman/ros2_ws/install/examples_rclcpp_minimal_action_client/share/examples_rclcpp_minimal_action_client/cmake/examples_rclcpp_minimal_action_clientConfig-version.cmake
[3.734s] -- Up-to-date symlink: /home/aman/ros2_ws/install/examples_rclcpp_minimal_action_client/share/examples_rclcpp_minimal_action_client/package.xml
[3.735s] Invoked command in '/home/aman/ros2_ws/build/examples_rclcpp_minimal_action_client' returned '0': CMAKE_PREFIX_PATH=/opt/ros/humble /usr/bin/cmake --install /home/aman/ros2_ws/build/examples_rclcpp_minimal_action_client
