[0.045s] Invoking command in '/home/aman/ros2_ws/build/examples_rclcpp_multithreaded_executor': CMAKE_PREFIX_PATH=/opt/ros/humble /usr/bin/cmake /home/aman/ros2_ws/src/examples/rclcpp/executors/multithreaded_executor -DCMAKE_BUILD_TYPE=Release -DAMENT_CMAKE_SYMLINK_INSTALL=1 -DCMAKE_INSTALL_PREFIX=/home/aman/ros2_ws/install/examples_rclcpp_multithreaded_executor
[0.851s] -- Found ament_cmake: 1.3.9 (/opt/ros/humble/share/ament_cmake/cmake)
[0.851s] -- Override CMake install command with custom implementation using symlinks instead of copying resources
[0.851s] -- Found rclcpp: 16.0.9 (/opt/ros/humble/share/rclcpp/cmake)
[0.851s] -- Found rosidl_generator_c: 3.1.5 (/opt/ros/humble/share/rosidl_generator_c/cmake)
[0.851s] -- Found rosidl_adapter: 3.1.5 (/opt/ros/humble/share/rosidl_adapter/cmake)
[0.851s] -- Found rosidl_generator_cpp: 3.1.5 (/opt/ros/humble/share/rosidl_generator_cpp/cmake)
[0.851s] -- Using all available rosidl_typesupport_c: rosidl_typesupport_fastrtps_c;rosidl_typesupport_introspection_c
[0.852s] -- Using all available rosidl_typesupport_cpp: rosidl_typesupport_fastrtps_cpp;rosidl_typesupport_introspection_cpp
[0.852s] -- Found rmw_implementation_cmake: 6.1.2 (/opt/ros/humble/share/rmw_implementation_cmake/cmake)
[0.852s] -- Found rmw_fastrtps_cpp: 6.2.6 (/opt/ros/humble/share/rmw_fastrtps_cpp/cmake)
[0.852s] -- Using RMW implementation 'rmw_fastrtps_cpp' as default
[0.852s] -- Found ament_lint_auto: 0.12.11 (/opt/ros/humble/share/ament_lint_auto/cmake)
[0.852s] -- Added test 'copyright' to check source files copyright and LICENSE
[0.852s] -- Added test 'cppcheck' to perform static code analysis on C / C++ code
[0.852s] -- Configured cppcheck include dirs: 
[0.852s] -- Configured cppcheck exclude dirs and/or files: 
[0.852s] -- Added test 'cpplint' to check C / C++ code against the Google style
[0.852s] -- Configured cpplint exclude dirs and/or files: 
[0.852s] -- Added test 'lint_cmake' to check CMake code style
[0.852s] -- Added test 'uncrustify' to check C / C++ code style
[0.852s] -- Configured uncrustify additional arguments: 
[0.852s] -- Added test 'xmllint' to check XML markup files
[0.852s] -- Configuring done
[0.852s] -- Generating done
[0.853s] -- Build files have been written to: /home/aman/ros2_ws/build/examples_rclcpp_multithreaded_executor
[0.857s] Invoked command in '/home/aman/ros2_ws/build/examples_rclcpp_multithreaded_executor' returned '0': CMAKE_PREFIX_PATH=/opt/ros/humble /usr/bin/cmake /home/aman/ros2_ws/src/examples/rclcpp/executors/multithreaded_executor -DCMAKE_BUILD_TYPE=Release -DAMENT_CMAKE_SYMLINK_INSTALL=1 -DCMAKE_INSTALL_PREFIX=/home/aman/ros2_ws/install/examples_rclcpp_multithreaded_executor
[0.859s] Invoking command in '/home/aman/ros2_ws/build/examples_rclcpp_multithreaded_executor': CMAKE_PREFIX_PATH=/opt/ros/humble /usr/bin/cmake --build /home/aman/ros2_ws/build/examples_rclcpp_multithreaded_executor -- -j16 -l16
[0.972s] [35m[1mConsolidate compiler generated dependencies of target multithreaded_executor[0m
[0.973s] [ 50%] [32mBuilding CXX object CMakeFiles/multithreaded_executor.dir/multithreaded_executor.cpp.o[0m
