[0.003s] Invoking command in '/home/aman/ros2_ws/build/fastcdr': /usr/bin/cmake --build /home/aman/ros2_ws/build/fastcdr -- -j16 -l16
[0.030s] [100%] Built target fastcdr
[0.037s] Invoked command in '/home/aman/ros2_ws/build/fastcdr' returned '0': /usr/bin/cmake --build /home/aman/ros2_ws/build/fastcdr -- -j16 -l16
[0.048s] Invoking command in '/home/aman/ros2_ws/build/fastcdr': /usr/bin/cmake --install /home/aman/ros2_ws/build/fastcdr
[0.052s] -- Install configuration: "Release"
[0.052s] -- Up-to-date: /home/aman/ros2_ws/install/fastcdr/include/fastcdr
[0.052s] -- Up-to-date: /home/aman/ros2_ws/install/fastcdr/include/fastcdr/cdr
[0.052s] -- Up-to-date: /home/aman/ros2_ws/install/fastcdr/include/fastcdr/cdr/fixed_size_string.hpp
[0.052s] -- Up-to-date: /home/aman/ros2_ws/install/fastcdr/include/fastcdr/fastcdr_dll.h
[0.052s] -- Up-to-date: /home/aman/ros2_ws/install/fastcdr/include/fastcdr/FastBuffer.h
[0.052s] -- Up-to-date: /home/aman/ros2_ws/install/fastcdr/include/fastcdr/detail
[0.052s] -- Up-to-date: /home/aman/ros2_ws/install/fastcdr/include/fastcdr/detail/container_recursive_inspector.hpp
[0.052s] -- Up-to-date: /home/aman/ros2_ws/install/fastcdr/include/fastcdr/eProsima_auto_link.h
[0.052s] -- Up-to-date: /home/aman/ros2_ws/install/fastcdr/include/fastcdr/FastCdr.h
[0.053s] -- Up-to-date: /home/aman/ros2_ws/install/fastcdr/include/fastcdr/CdrEncoding.hpp
[0.053s] -- Up-to-date: /home/aman/ros2_ws/install/fastcdr/include/fastcdr/CdrSizeCalculator.hpp
[0.053s] -- Up-to-date: /home/aman/ros2_ws/install/fastcdr/include/fastcdr/Cdr.h
[0.053s] -- Up-to-date: /home/aman/ros2_ws/install/fastcdr/include/fastcdr/config
[0.053s] -- Up-to-date: /home/aman/ros2_ws/install/fastcdr/include/fastcdr/config/doxygen_modules.h
[0.053s] -- Up-to-date: /home/aman/ros2_ws/install/fastcdr/include/fastcdr/exceptions
[0.053s] -- Up-to-date: /home/aman/ros2_ws/install/fastcdr/include/fastcdr/exceptions/NotEnoughMemoryException.h
[0.053s] -- Up-to-date: /home/aman/ros2_ws/install/fastcdr/include/fastcdr/exceptions/BadOptionalAccessException.hpp
[0.053s] -- Up-to-date: /home/aman/ros2_ws/install/fastcdr/include/fastcdr/exceptions/Exception.h
[0.053s] -- Up-to-date: /home/aman/ros2_ws/install/fastcdr/include/fastcdr/exceptions/LockedExternalAccessException.hpp
[0.053s] -- Up-to-date: /home/aman/ros2_ws/install/fastcdr/include/fastcdr/exceptions/BadParamException.h
[0.053s] -- Up-to-date: /home/aman/ros2_ws/install/fastcdr/include/fastcdr/xcdr
[0.053s] -- Up-to-date: /home/aman/ros2_ws/install/fastcdr/include/fastcdr/xcdr/external.hpp
[0.053s] -- Up-to-date: /home/aman/ros2_ws/install/fastcdr/include/fastcdr/xcdr/optional.hpp
[0.053s] -- Up-to-date: /home/aman/ros2_ws/install/fastcdr/include/fastcdr/xcdr/detail
[0.053s] -- Up-to-date: /home/aman/ros2_ws/install/fastcdr/include/fastcdr/xcdr/detail/optional.hpp
[0.053s] -- Up-to-date: /home/aman/ros2_ws/install/fastcdr/include/fastcdr/xcdr/MemberId.hpp
[0.053s] -- Up-to-date: /home/aman/ros2_ws/install/fastcdr/include/fastcdr/config.h
[0.053s] -- Up-to-date: /home/aman/ros2_ws/install/fastcdr/lib/libfastcdr.so.2.2.3
[0.053s] -- Up-to-date: /home/aman/ros2_ws/install/fastcdr/lib/libfastcdr.so.2
[0.053s] -- Up-to-date: /home/aman/ros2_ws/install/fastcdr/lib/libfastcdr.so
[0.053s] -- Up-to-date: /home/aman/ros2_ws/install/fastcdr/lib/cmake/fastcdr/fastcdr-shared-targets.cmake
[0.053s] -- Up-to-date: /home/aman/ros2_ws/install/fastcdr/lib/cmake/fastcdr/fastcdr-shared-targets-release.cmake
[0.053s] -- Up-to-date: /home/aman/ros2_ws/install/fastcdr/lib/cmake/fastcdr/fastcdr-config.cmake
[0.053s] -- Up-to-date: /home/aman/ros2_ws/install/fastcdr/lib/cmake/fastcdr/fastcdr-config-version.cmake
[0.053s] -- Up-to-date: /home/aman/ros2_ws/install/fastcdr/share/fastcdr/LICENSE
[0.054s] Invoked command in '/home/aman/ros2_ws/build/fastcdr' returned '0': /usr/bin/cmake --install /home/aman/ros2_ws/build/fastcdr
