[1.861s] Invoking command in '/home/aman/ros2_ws/build/examples_rclpy_minimal_action_server': PYTHONPATH=/home/aman/ros2_ws/build/examples_rclpy_minimal_action_server/prefix_override:/usr/lib/python3/dist-packages/colcon_core/task/python/colcon_distutils_commands:/home/aman/ros2_ws/install/examples_rclpy_minimal_action_server/lib/python3.10/site-packages:${PYTHONPATH} /usr/bin/python3 -W ignore:setup.py install is deprecated setup.py develop --editable --build-directory /home/aman/ros2_ws/build/examples_rclpy_minimal_action_server/build --no-deps symlink_data
[2.369s] running develop
[2.370s] /usr/lib/python3/dist-packages/setuptools/command/easy_install.py:158: EasyInstallDeprecationWarning: easy_install command is deprecated. Use build and pip and other standards-based tools.
[2.370s]   warnings.warn(
[2.755s] running egg_info
[2.755s] creating examples_rclpy_minimal_action_server.egg-info
[2.755s] writing examples_rclpy_minimal_action_server.egg-info/PKG-INFO
[2.756s] writing dependency_links to examples_rclpy_minimal_action_server.egg-info/dependency_links.txt
[2.756s] writing entry points to examples_rclpy_minimal_action_server.egg-info/entry_points.txt
[2.756s] writing requirements to examples_rclpy_minimal_action_server.egg-info/requires.txt
[2.766s] writing top-level names to examples_rclpy_minimal_action_server.egg-info/top_level.txt
[2.767s] writing manifest file 'examples_rclpy_minimal_action_server.egg-info/SOURCES.txt'
[2.770s] reading manifest file 'examples_rclpy_minimal_action_server.egg-info/SOURCES.txt'
[2.771s] writing manifest file 'examples_rclpy_minimal_action_server.egg-info/SOURCES.txt'
[3.091s] running build_ext
[3.091s] Creating /home/aman/ros2_ws/install/examples_rclpy_minimal_action_server/lib/python3.10/site-packages/examples-rclpy-minimal-action-server.egg-link (link to .)
[3.093s] Installing server script to /home/aman/ros2_ws/install/examples_rclpy_minimal_action_server/lib/examples_rclpy_minimal_action_server
[3.093s] Installing server_defer script to /home/aman/ros2_ws/install/examples_rclpy_minimal_action_server/lib/examples_rclpy_minimal_action_server
[3.094s] Installing server_not_composable script to /home/aman/ros2_ws/install/examples_rclpy_minimal_action_server/lib/examples_rclpy_minimal_action_server
[3.094s] Installing server_queue_goals script to /home/aman/ros2_ws/install/examples_rclpy_minimal_action_server/lib/examples_rclpy_minimal_action_server
[3.094s] Installing server_single_goal script to /home/aman/ros2_ws/install/examples_rclpy_minimal_action_server/lib/examples_rclpy_minimal_action_server
[3.095s] 
[3.095s] Installed /home/aman/ros2_ws/build/examples_rclpy_minimal_action_server
[3.095s] running symlink_data
[3.096s] creating /home/aman/ros2_ws/install/examples_rclpy_minimal_action_server/share/ament_index
[3.096s] creating /home/aman/ros2_ws/install/examples_rclpy_minimal_action_server/share/ament_index/resource_index
[3.096s] creating /home/aman/ros2_ws/install/examples_rclpy_minimal_action_server/share/ament_index/resource_index/packages
[3.096s] symbolically linking /home/aman/ros2_ws/build/examples_rclpy_minimal_action_server/resource/examples_rclpy_minimal_action_server -> /home/aman/ros2_ws/install/examples_rclpy_minimal_action_server/share/ament_index/resource_index/packages
[3.096s] symbolically linking /home/aman/ros2_ws/build/examples_rclpy_minimal_action_server/package.xml -> /home/aman/ros2_ws/install/examples_rclpy_minimal_action_server/share/examples_rclpy_minimal_action_server
[4.543s] Invoked command in '/home/aman/ros2_ws/build/examples_rclpy_minimal_action_server' returned '0': PYTHONPATH=/home/aman/ros2_ws/build/examples_rclpy_minimal_action_server/prefix_override:/usr/lib/python3/dist-packages/colcon_core/task/python/colcon_distutils_commands:/home/aman/ros2_ws/install/examples_rclpy_minimal_action_server/lib/python3.10/site-packages:${PYTHONPATH} /usr/bin/python3 -W ignore:setup.py install is deprecated setup.py develop --editable --build-directory /home/aman/ros2_ws/build/examples_rclpy_minimal_action_server/build --no-deps symlink_data
