/home/aman/.local/lib/python3.10/site-packages/setuptools/_distutils/dist.py:268: UserWarning: Unknown distribution option: 'tests_require'
  warnings.warn(msg)
/home/aman/.local/lib/python3.10/site-packages/setuptools/command/develop.py:42: EasyInstallDeprecationWarning: easy_install command is deprecated.
!!

        ********************************************************************************
        Please avoid running ``setup.py`` and ``easy_install``.
        Instead, use pypa/build, pypa/installer or other
        standards-based tools.

        See https://github.com/pypa/setuptools/issues/917 for details.
        ********************************************************************************

!!
  easy_install.initialize_options(self)
running develop
Traceback (most recent call last):
  File "/home/aman/ros2_ws/build/examples_rclpy_executors/setup.py", line 5, in <module>
    setup(
  File "/home/aman/.local/lib/python3.10/site-packages/setuptools/__init__.py", line 108, in setup
    return distutils.core.setup(**attrs)
  File "/home/aman/.local/lib/python3.10/site-packages/setuptools/_distutils/core.py", line 184, in setup
    return run_commands(dist)
  File "/home/aman/.local/lib/python3.10/site-packages/setuptools/_distutils/core.py", line 200, in run_commands
    dist.run_commands()
  File "/home/aman/.local/lib/python3.10/site-packages/setuptools/_distutils/dist.py", line 970, in run_commands
    self.run_command(cmd)
  File "/home/aman/.local/lib/python3.10/site-packages/setuptools/dist.py", line 945, in run_command
    super().run_command(command)
  File "/home/aman/.local/lib/python3.10/site-packages/setuptools/_distutils/dist.py", line 988, in run_command
    cmd_obj.ensure_finalized()
  File "/home/aman/.local/lib/python3.10/site-packages/setuptools/_distutils/cmd.py", line 111, in ensure_finalized
    self.finalize_options()
  File "/home/aman/.local/lib/python3.10/site-packages/setuptools/command/develop.py", line 52, in finalize_options
    easy_install.finalize_options(self)
  File "/home/aman/.local/lib/python3.10/site-packages/setuptools/command/easy_install.py", line 251, in finalize_options
    'dist_fullname': self.distribution.get_fullname(),
  File "/home/aman/.local/lib/python3.10/site-packages/setuptools/_core_metadata.py", line 266, in get_fullname
    return _distribution_fullname(self.get_name(), self.get_version())
  File "/home/aman/.local/lib/python3.10/site-packages/setuptools/_core_metadata.py", line 284, in _distribution_fullname
    canonicalize_version(version, strip_trailing_zero=False),
TypeError: canonicalize_version() got an unexpected keyword argument 'strip_trailing_zero'
