[0.461s] Invoking command in '/home/aman/ros2_ws/build/examples_rclpy_executors': PYTHONPATH=/home/aman/ros2_ws/build/examples_rclpy_executors/prefix_override:/usr/lib/python3/dist-packages/colcon_core/task/python/colcon_distutils_commands:/home/aman/ros2_ws/install/examples_rclpy_executors/lib/python3.10/site-packages:${PYTHONPATH} /usr/bin/python3 -W ignore:setup.py install is deprecated setup.py develop --editable --build-directory /home/aman/ros2_ws/build/examples_rclpy_executors/build --no-deps symlink_data
[0.565s] /home/aman/.local/lib/python3.10/site-packages/setuptools/_distutils/dist.py:268: UserWarning: Unknown distribution option: 'tests_require'
[0.565s]   warnings.warn(msg)
[0.645s] /home/aman/.local/lib/python3.10/site-packages/setuptools/command/develop.py:42: EasyInstallDeprecationWarning: easy_install command is deprecated.
[0.645s] !!
[0.645s] 
[0.645s]         ********************************************************************************
[0.645s]         Please avoid running ``setup.py`` and ``easy_install``.
[0.645s]         Instead, use pypa/build, pypa/installer or other
[0.645s]         standards-based tools.
[0.645s] 
[0.645s]         See https://github.com/pypa/setuptools/issues/917 for details.
[0.645s]         ********************************************************************************
[0.645s] 
[0.645s] !!
[0.646s]   easy_install.initialize_options(self)
[0.646s] running develop
[0.652s] Traceback (most recent call last):
[0.653s]   File "/home/aman/ros2_ws/build/examples_rclpy_executors/setup.py", line 5, in <module>
[0.653s]     setup(
[0.653s]   File "/home/aman/.local/lib/python3.10/site-packages/setuptools/__init__.py", line 108, in setup
[0.653s]     return distutils.core.setup(**attrs)
[0.653s]   File "/home/aman/.local/lib/python3.10/site-packages/setuptools/_distutils/core.py", line 184, in setup
[0.653s]     return run_commands(dist)
[0.653s]   File "/home/aman/.local/lib/python3.10/site-packages/setuptools/_distutils/core.py", line 200, in run_commands
[0.653s]     dist.run_commands()
[0.653s]   File "/home/aman/.local/lib/python3.10/site-packages/setuptools/_distutils/dist.py", line 970, in run_commands
[0.653s]     self.run_command(cmd)
[0.653s]   File "/home/aman/.local/lib/python3.10/site-packages/setuptools/dist.py", line 945, in run_command
[0.653s]     super().run_command(command)
[0.653s]   File "/home/aman/.local/lib/python3.10/site-packages/setuptools/_distutils/dist.py", line 988, in run_command
[0.653s]     cmd_obj.ensure_finalized()
[0.653s]   File "/home/aman/.local/lib/python3.10/site-packages/setuptools/_distutils/cmd.py", line 111, in ensure_finalized
[0.653s]     self.finalize_options()
[0.653s]   File "/home/aman/.local/lib/python3.10/site-packages/setuptools/command/develop.py", line 52, in finalize_options
[0.653s]     easy_install.finalize_options(self)
[0.653s]   File "/home/aman/.local/lib/python3.10/site-packages/setuptools/command/easy_install.py", line 251, in finalize_options
[0.653s]     'dist_fullname': self.distribution.get_fullname(),
[0.653s]   File "/home/aman/.local/lib/python3.10/site-packages/setuptools/_core_metadata.py", line 266, in get_fullname
[0.654s]     return _distribution_fullname(self.get_name(), self.get_version())
[0.654s]   File "/home/aman/.local/lib/python3.10/site-packages/setuptools/_core_metadata.py", line 284, in _distribution_fullname
[0.654s]     canonicalize_version(version, strip_trailing_zero=False),
[0.654s] TypeError: canonicalize_version() got an unexpected keyword argument 'strip_trailing_zero'
[0.669s] Invoked command in '/home/aman/ros2_ws/build/examples_rclpy_executors' returned '1': PYTHONPATH=/home/aman/ros2_ws/build/examples_rclpy_executors/prefix_override:/usr/lib/python3/dist-packages/colcon_core/task/python/colcon_distutils_commands:/home/aman/ros2_ws/install/examples_rclpy_executors/lib/python3.10/site-packages:${PYTHONPATH} /usr/bin/python3 -W ignore:setup.py install is deprecated setup.py develop --editable --build-directory /home/aman/ros2_ws/build/examples_rclpy_executors/build --no-deps symlink_data
