[1.872s] Invoking command in '/home/aman/ros2_ws/build/examples_rclpy_minimal_action_client': PYTHONPATH=/home/aman/ros2_ws/build/examples_rclpy_minimal_action_client/prefix_override:/usr/lib/python3/dist-packages/colcon_core/task/python/colcon_distutils_commands:/home/aman/ros2_ws/install/examples_rclpy_minimal_action_client/lib/python3.10/site-packages:${PYTHONPATH} /usr/bin/python3 -W ignore:setup.py install is deprecated setup.py develop --editable --build-directory /home/aman/ros2_ws/build/examples_rclpy_minimal_action_client/build --no-deps symlink_data
[2.473s] running develop
[2.474s] /usr/lib/python3/dist-packages/setuptools/command/easy_install.py:158: EasyInstallDeprecationWarning: easy_install command is deprecated. Use build and pip and other standards-based tools.
[2.474s]   warnings.warn(
[3.314s] running egg_info
[3.325s] creating examples_rclpy_minimal_action_client.egg-info
[3.326s] writing examples_rclpy_minimal_action_client.egg-info/PKG-INFO
[3.333s] writing dependency_links to examples_rclpy_minimal_action_client.egg-info/dependency_links.txt
[3.334s] writing entry points to examples_rclpy_minimal_action_client.egg-info/entry_points.txt
[3.334s] writing requirements to examples_rclpy_minimal_action_client.egg-info/requires.txt
[3.334s] writing top-level names to examples_rclpy_minimal_action_client.egg-info/top_level.txt
[3.334s] writing manifest file 'examples_rclpy_minimal_action_client.egg-info/SOURCES.txt'
[3.341s] reading manifest file 'examples_rclpy_minimal_action_client.egg-info/SOURCES.txt'
[3.353s] writing manifest file 'examples_rclpy_minimal_action_client.egg-info/SOURCES.txt'
[3.741s] running build_ext
[3.745s] Creating /home/aman/ros2_ws/install/examples_rclpy_minimal_action_client/lib/python3.10/site-packages/examples-rclpy-minimal-action-client.egg-link (link to .)
[3.747s] Installing client script to /home/aman/ros2_ws/install/examples_rclpy_minimal_action_client/lib/examples_rclpy_minimal_action_client
[3.748s] Installing client_asyncio script to /home/aman/ros2_ws/install/examples_rclpy_minimal_action_client/lib/examples_rclpy_minimal_action_client
[3.748s] Installing client_cancel script to /home/aman/ros2_ws/install/examples_rclpy_minimal_action_client/lib/examples_rclpy_minimal_action_client
[3.749s] Installing client_not_composable script to /home/aman/ros2_ws/install/examples_rclpy_minimal_action_client/lib/examples_rclpy_minimal_action_client
[3.749s] 
[3.750s] Installed /home/aman/ros2_ws/build/examples_rclpy_minimal_action_client
[3.750s] running symlink_data
[3.753s] creating /home/aman/ros2_ws/install/examples_rclpy_minimal_action_client/share/ament_index
[3.754s] creating /home/aman/ros2_ws/install/examples_rclpy_minimal_action_client/share/ament_index/resource_index
[3.754s] creating /home/aman/ros2_ws/install/examples_rclpy_minimal_action_client/share/ament_index/resource_index/packages
[3.754s] symbolically linking /home/aman/ros2_ws/build/examples_rclpy_minimal_action_client/resource/examples_rclpy_minimal_action_client -> /home/aman/ros2_ws/install/examples_rclpy_minimal_action_client/share/ament_index/resource_index/packages
[3.755s] symbolically linking /home/aman/ros2_ws/build/examples_rclpy_minimal_action_client/package.xml -> /home/aman/ros2_ws/install/examples_rclpy_minimal_action_client/share/examples_rclpy_minimal_action_client
[4.552s] Invoked command in '/home/aman/ros2_ws/build/examples_rclpy_minimal_action_client' returned '0': PYTHONPATH=/home/aman/ros2_ws/build/examples_rclpy_minimal_action_client/prefix_override:/usr/lib/python3/dist-packages/colcon_core/task/python/colcon_distutils_commands:/home/aman/ros2_ws/install/examples_rclpy_minimal_action_client/lib/python3.10/site-packages:${PYTHONPATH} /usr/bin/python3 -W ignore:setup.py install is deprecated setup.py develop --editable --build-directory /home/aman/ros2_ws/build/examples_rclpy_minimal_action_client/build --no-deps symlink_data
