[1.887s] Invoking command in '/home/aman/ros2_ws/build/examples_rclpy_executors': PYTHONPATH=/home/aman/ros2_ws/build/examples_rclpy_executors/prefix_override:/usr/lib/python3/dist-packages/colcon_core/task/python/colcon_distutils_commands:/home/aman/ros2_ws/install/examples_rclpy_executors/lib/python3.10/site-packages:${PYTHONPATH} /usr/bin/python3 -W ignore:setup.py install is deprecated setup.py develop --editable --build-directory /home/aman/ros2_ws/build/examples_rclpy_executors/build --no-deps symlink_data
[2.310s] running develop
[2.310s] /usr/lib/python3/dist-packages/setuptools/command/easy_install.py:158: EasyInstallDeprecationWarning: easy_install command is deprecated. Use build and pip and other standards-based tools.
[2.311s]   warnings.warn(
[2.603s] running egg_info
[2.603s] creating examples_rclpy_executors.egg-info
[2.603s] writing examples_rclpy_executors.egg-info/PKG-INFO
[2.603s] writing dependency_links to examples_rclpy_executors.egg-info/dependency_links.txt
[2.604s] writing entry points to examples_rclpy_executors.egg-info/entry_points.txt
[2.604s] writing requirements to examples_rclpy_executors.egg-info/requires.txt
[2.604s] writing top-level names to examples_rclpy_executors.egg-info/top_level.txt
[2.605s] writing manifest file 'examples_rclpy_executors.egg-info/SOURCES.txt'
[2.607s] reading manifest file 'examples_rclpy_executors.egg-info/SOURCES.txt'
[2.616s] writing manifest file 'examples_rclpy_executors.egg-info/SOURCES.txt'
[2.818s] running build_ext
[2.819s] Creating /home/aman/ros2_ws/install/examples_rclpy_executors/lib/python3.10/site-packages/examples-rclpy-executors.egg-link (link to .)
[2.820s] Installing callback_group script to /home/aman/ros2_ws/install/examples_rclpy_executors/lib/examples_rclpy_executors
[2.821s] Installing composed script to /home/aman/ros2_ws/install/examples_rclpy_executors/lib/examples_rclpy_executors
[2.821s] Installing custom_callback_group script to /home/aman/ros2_ws/install/examples_rclpy_executors/lib/examples_rclpy_executors
[2.821s] Installing custom_executor script to /home/aman/ros2_ws/install/examples_rclpy_executors/lib/examples_rclpy_executors
[2.822s] Installing listener script to /home/aman/ros2_ws/install/examples_rclpy_executors/lib/examples_rclpy_executors
[2.822s] Installing talker script to /home/aman/ros2_ws/install/examples_rclpy_executors/lib/examples_rclpy_executors
[2.822s] 
[2.822s] Installed /home/aman/ros2_ws/build/examples_rclpy_executors
[2.823s] running symlink_data
[2.823s] creating /home/aman/ros2_ws/install/examples_rclpy_executors/share/ament_index
[2.823s] creating /home/aman/ros2_ws/install/examples_rclpy_executors/share/ament_index/resource_index
[2.823s] creating /home/aman/ros2_ws/install/examples_rclpy_executors/share/ament_index/resource_index/packages
[2.824s] symbolically linking /home/aman/ros2_ws/build/examples_rclpy_executors/resource/examples_rclpy_executors -> /home/aman/ros2_ws/install/examples_rclpy_executors/share/ament_index/resource_index/packages
[2.824s] symbolically linking /home/aman/ros2_ws/build/examples_rclpy_executors/package.xml -> /home/aman/ros2_ws/install/examples_rclpy_executors/share/examples_rclpy_executors
[2.949s] Invoked command in '/home/aman/ros2_ws/build/examples_rclpy_executors' returned '0': PYTHONPATH=/home/aman/ros2_ws/build/examples_rclpy_executors/prefix_override:/usr/lib/python3/dist-packages/colcon_core/task/python/colcon_distutils_commands:/home/aman/ros2_ws/install/examples_rclpy_executors/lib/python3.10/site-packages:${PYTHONPATH} /usr/bin/python3 -W ignore:setup.py install is deprecated setup.py develop --editable --build-directory /home/aman/ros2_ws/build/examples_rclpy_executors/build --no-deps symlink_data
