[0.004s] Invoking command in '/home/aman/ros2_ws/build/examples_rclcpp_wait_set': CMAKE_PREFIX_PATH=/opt/ros/humble /usr/bin/cmake --build /home/aman/ros2_ws/build/examples_rclcpp_wait_set -- -j16 -l16
[0.044s] [  8%] Built target wait_set_topics_and_timer
[0.044s] [ 16%] Built target thread_safe_wait_set
[0.045s] [ 25%] Built target wait_set_listener
[0.045s] [ 33%] Built target static_wait_set
[0.046s] [ 41%] Built target executor_random_order
[0.046s] [ 54%] Built target wait_set_random_order
[0.046s] [ 58%] Built target talker
[0.046s] [ 66%] Built target listener
[0.047s] [ 79%] Built target wait_set_talker
[0.047s] [ 83%] Built target wait_set
[0.047s] [ 91%] Built target wait_set_topics_with_different_rates
[0.063s] [100%] Built target wait_set_composed
[0.071s] Invoked command in '/home/aman/ros2_ws/build/examples_rclcpp_wait_set' returned '0': CMAKE_PREFIX_PATH=/opt/ros/humble /usr/bin/cmake --build /home/aman/ros2_ws/build/examples_rclcpp_wait_set -- -j16 -l16
[0.224s] Invoking command in '/home/aman/ros2_ws/build/examples_rclcpp_wait_set': CMAKE_PREFIX_PATH=/opt/ros/humble /usr/bin/cmake --install /home/aman/ros2_ws/build/examples_rclcpp_wait_set
[0.228s] -- Install configuration: "Release"
[0.229s] -- Execute custom install script
[0.229s] -- Up-to-date symlink: /home/aman/ros2_ws/install/examples_rclcpp_wait_set/lib/examples_rclcpp_wait_set/wait_set_talker
[0.229s] -- Up-to-date symlink: /home/aman/ros2_ws/install/examples_rclcpp_wait_set/lib/examples_rclcpp_wait_set/wait_set_listener
[0.229s] -- Up-to-date symlink: /home/aman/ros2_ws/install/examples_rclcpp_wait_set/lib/libtalker.so
[0.229s] -- Up-to-date symlink: /home/aman/ros2_ws/install/examples_rclcpp_wait_set/lib/liblistener.so
[0.230s] -- Up-to-date symlink: /home/aman/ros2_ws/install/examples_rclcpp_wait_set/lib/examples_rclcpp_wait_set/wait_set
[0.230s] -- Up-to-date symlink: /home/aman/ros2_ws/install/examples_rclcpp_wait_set/lib/examples_rclcpp_wait_set/static_wait_set
[0.230s] -- Up-to-date symlink: /home/aman/ros2_ws/install/examples_rclcpp_wait_set/lib/examples_rclcpp_wait_set/thread_safe_wait_set
[0.230s] -- Up-to-date symlink: /home/aman/ros2_ws/install/examples_rclcpp_wait_set/lib/examples_rclcpp_wait_set/wait_set_topics_and_timer
[0.230s] -- Up-to-date symlink: /home/aman/ros2_ws/install/examples_rclcpp_wait_set/lib/examples_rclcpp_wait_set/wait_set_random_order
[0.230s] -- Up-to-date symlink: /home/aman/ros2_ws/install/examples_rclcpp_wait_set/lib/examples_rclcpp_wait_set/executor_random_order
[0.230s] -- Up-to-date symlink: /home/aman/ros2_ws/install/examples_rclcpp_wait_set/lib/examples_rclcpp_wait_set/wait_set_topics_with_different_rates
[0.230s] -- Up-to-date symlink: /home/aman/ros2_ws/install/examples_rclcpp_wait_set/lib/examples_rclcpp_wait_set/wait_set_composed
[0.230s] -- Up-to-date symlink: /home/aman/ros2_ws/install/examples_rclcpp_wait_set/share/ament_index/resource_index/package_run_dependencies/examples_rclcpp_wait_set
[0.230s] -- Up-to-date symlink: /home/aman/ros2_ws/install/examples_rclcpp_wait_set/share/ament_index/resource_index/parent_prefix_path/examples_rclcpp_wait_set
[0.230s] -- Up-to-date symlink: /home/aman/ros2_ws/install/examples_rclcpp_wait_set/share/examples_rclcpp_wait_set/environment/ament_prefix_path.sh
[0.230s] -- Up-to-date symlink: /home/aman/ros2_ws/install/examples_rclcpp_wait_set/share/examples_rclcpp_wait_set/environment/ament_prefix_path.dsv
[0.230s] -- Up-to-date symlink: /home/aman/ros2_ws/install/examples_rclcpp_wait_set/share/examples_rclcpp_wait_set/environment/path.sh
[0.231s] -- Up-to-date symlink: /home/aman/ros2_ws/install/examples_rclcpp_wait_set/share/examples_rclcpp_wait_set/environment/path.dsv
[0.231s] -- Up-to-date symlink: /home/aman/ros2_ws/install/examples_rclcpp_wait_set/share/examples_rclcpp_wait_set/local_setup.bash
[0.231s] -- Up-to-date symlink: /home/aman/ros2_ws/install/examples_rclcpp_wait_set/share/examples_rclcpp_wait_set/local_setup.sh
[0.231s] -- Up-to-date symlink: /home/aman/ros2_ws/install/examples_rclcpp_wait_set/share/examples_rclcpp_wait_set/local_setup.zsh
[0.231s] -- Up-to-date symlink: /home/aman/ros2_ws/install/examples_rclcpp_wait_set/share/examples_rclcpp_wait_set/local_setup.dsv
[0.231s] -- Symlinking: /home/aman/ros2_ws/install/examples_rclcpp_wait_set/share/examples_rclcpp_wait_set/package.dsv
[0.236s] -- Up-to-date symlink: /home/aman/ros2_ws/install/examples_rclcpp_wait_set/share/ament_index/resource_index/packages/examples_rclcpp_wait_set
[0.236s] -- Up-to-date symlink: /home/aman/ros2_ws/install/examples_rclcpp_wait_set/share/ament_index/resource_index/rclcpp_components/examples_rclcpp_wait_set
[0.236s] -- Up-to-date symlink: /home/aman/ros2_ws/install/examples_rclcpp_wait_set/share/examples_rclcpp_wait_set/cmake/examples_rclcpp_wait_setConfig.cmake
[0.236s] -- Up-to-date symlink: /home/aman/ros2_ws/install/examples_rclcpp_wait_set/share/examples_rclcpp_wait_set/cmake/examples_rclcpp_wait_setConfig-version.cmake
[0.236s] -- Up-to-date symlink: /home/aman/ros2_ws/install/examples_rclcpp_wait_set/share/examples_rclcpp_wait_set/package.xml
[0.237s] Invoked command in '/home/aman/ros2_ws/build/examples_rclcpp_wait_set' returned '0': CMAKE_PREFIX_PATH=/opt/ros/humble /usr/bin/cmake --install /home/aman/ros2_ws/build/examples_rclcpp_wait_set
