[0.008s] Invoking command in '/home/aman/ros2_ws/build/examples_rclcpp_minimal_publisher': CMAKE_PREFIX_PATH=${CMAKE_PREFIX_PATH}:/home/aman/install/launch_testing_examples:/home/aman/install/examples_rclpy_pointcloud_publisher:/home/aman/install/examples_rclpy_minimal_subscriber:/home/aman/install/examples_rclpy_minimal_service:/home/aman/install/examples_rclpy_minimal_publisher:/home/aman/install/examples_rclpy_minimal_client:/home/aman/install/examples_rclpy_minimal_action_server:/home/aman/install/examples_rclpy_minimal_action_client:/home/aman/install/examples_rclpy_guard_conditions:/home/aman/install/examples_rclpy_executors:/opt/ros/humble /usr/bin/cmake --build /home/aman/ros2_ws/build/examples_rclcpp_minimal_publisher -- -j16 -l16
[0.053s] [  8%] [32mBuilding CXX object CMakeFiles/publisher_member_function_with_unique_network_flow_endpoints.dir/member_function_with_unique_network_flow_endpoints.cpp.o[0m
[0.054s] [ 16%] [32mBuilding CXX object CMakeFiles/publisher_not_composable.dir/not_composable.cpp.o[0m
[0.059s] [ 33%] [32mBuilding CXX object CMakeFiles/publisher_wait_for_all_acked.dir/member_function_with_wait_for_all_acked.cpp.o[0m
[0.059s] [ 33%] [32mBuilding CXX object CMakeFiles/publisher_member_function.dir/member_function.cpp.o[0m
[0.061s] [ 41%] [32mBuilding CXX object CMakeFiles/publisher_member_function_with_type_adapter.dir/member_function_with_type_adapter.cpp.o[0m
[0.061s] [ 50%] [32mBuilding CXX object CMakeFiles/publisher_lambda.dir/lambda.cpp.o[0m
[4.387s] [ 58%] [32m[1mLinking CXX executable publisher_member_function[0m
[4.418s] [ 66%] [32m[1mLinking CXX executable publisher_not_composable[0m
[4.561s] [ 75%] [32m[1mLinking CXX executable publisher_member_function_with_type_adapter[0m
[4.568s] [ 75%] Built target publisher_member_function
[4.578s] [ 83%] [32m[1mLinking CXX executable publisher_member_function_with_unique_network_flow_endpoints[0m
[4.608s] [ 83%] Built target publisher_not_composable
[4.759s] [ 83%] Built target publisher_member_function_with_type_adapter
[4.872s] [ 83%] Built target publisher_member_function_with_unique_network_flow_endpoints
[5.152s] [ 91%] [32m[1mLinking CXX executable publisher_wait_for_all_acked[0m
[5.478s] [ 91%] Built target publisher_wait_for_all_acked
[6.960s] [100%] [32m[1mLinking CXX executable publisher_lambda[0m
[7.148s] [100%] Built target publisher_lambda
[7.163s] Invoked command in '/home/aman/ros2_ws/build/examples_rclcpp_minimal_publisher' returned '0': CMAKE_PREFIX_PATH=${CMAKE_PREFIX_PATH}:/home/aman/install/launch_testing_examples:/home/aman/install/examples_rclpy_pointcloud_publisher:/home/aman/install/examples_rclpy_minimal_subscriber:/home/aman/install/examples_rclpy_minimal_service:/home/aman/install/examples_rclpy_minimal_publisher:/home/aman/install/examples_rclpy_minimal_client:/home/aman/install/examples_rclpy_minimal_action_server:/home/aman/install/examples_rclpy_minimal_action_client:/home/aman/install/examples_rclpy_guard_conditions:/home/aman/install/examples_rclpy_executors:/opt/ros/humble /usr/bin/cmake --build /home/aman/ros2_ws/build/examples_rclcpp_minimal_publisher -- -j16 -l16
[7.213s] Invoking command in '/home/aman/ros2_ws/build/examples_rclcpp_minimal_publisher': CMAKE_PREFIX_PATH=${CMAKE_PREFIX_PATH}:/home/aman/install/launch_testing_examples:/home/aman/install/examples_rclpy_pointcloud_publisher:/home/aman/install/examples_rclpy_minimal_subscriber:/home/aman/install/examples_rclpy_minimal_service:/home/aman/install/examples_rclpy_minimal_publisher:/home/aman/install/examples_rclpy_minimal_client:/home/aman/install/examples_rclpy_minimal_action_server:/home/aman/install/examples_rclpy_minimal_action_client:/home/aman/install/examples_rclpy_guard_conditions:/home/aman/install/examples_rclpy_executors:/opt/ros/humble /usr/bin/cmake --install /home/aman/ros2_ws/build/examples_rclcpp_minimal_publisher
[7.226s] -- Install configuration: "Release"
[7.227s] -- Execute custom install script
[7.228s] -- Up-to-date symlink: /home/aman/ros2_ws/install/examples_rclcpp_minimal_publisher/lib/examples_rclcpp_minimal_publisher/publisher_lambda
[7.229s] -- Up-to-date symlink: /home/aman/ros2_ws/install/examples_rclcpp_minimal_publisher/lib/examples_rclcpp_minimal_publisher/publisher_member_function
[7.229s] -- Up-to-date symlink: /home/aman/ros2_ws/install/examples_rclcpp_minimal_publisher/lib/examples_rclcpp_minimal_publisher/publisher_member_function_with_type_adapter
[7.229s] -- Up-to-date symlink: /home/aman/ros2_ws/install/examples_rclcpp_minimal_publisher/lib/examples_rclcpp_minimal_publisher/publisher_member_function_with_unique_network_flow_endpoints
[7.230s] -- Up-to-date symlink: /home/aman/ros2_ws/install/examples_rclcpp_minimal_publisher/lib/examples_rclcpp_minimal_publisher/publisher_wait_for_all_acked
[7.230s] -- Up-to-date symlink: /home/aman/ros2_ws/install/examples_rclcpp_minimal_publisher/lib/examples_rclcpp_minimal_publisher/publisher_not_composable
[7.230s] -- Up-to-date symlink: /home/aman/ros2_ws/install/examples_rclcpp_minimal_publisher/share/ament_index/resource_index/package_run_dependencies/examples_rclcpp_minimal_publisher
[7.231s] -- Up-to-date symlink: /home/aman/ros2_ws/install/examples_rclcpp_minimal_publisher/share/ament_index/resource_index/parent_prefix_path/examples_rclcpp_minimal_publisher
[7.231s] -- Up-to-date symlink: /home/aman/ros2_ws/install/examples_rclcpp_minimal_publisher/share/examples_rclcpp_minimal_publisher/environment/ament_prefix_path.sh
[7.231s] -- Up-to-date symlink: /home/aman/ros2_ws/install/examples_rclcpp_minimal_publisher/share/examples_rclcpp_minimal_publisher/environment/ament_prefix_path.dsv
[7.232s] -- Up-to-date symlink: /home/aman/ros2_ws/install/examples_rclcpp_minimal_publisher/share/examples_rclcpp_minimal_publisher/environment/path.sh
[7.232s] -- Up-to-date symlink: /home/aman/ros2_ws/install/examples_rclcpp_minimal_publisher/share/examples_rclcpp_minimal_publisher/environment/path.dsv
[7.232s] -- Up-to-date symlink: /home/aman/ros2_ws/install/examples_rclcpp_minimal_publisher/share/examples_rclcpp_minimal_publisher/local_setup.bash
[7.232s] -- Up-to-date symlink: /home/aman/ros2_ws/install/examples_rclcpp_minimal_publisher/share/examples_rclcpp_minimal_publisher/local_setup.sh
[7.234s] -- Up-to-date symlink: /home/aman/ros2_ws/install/examples_rclcpp_minimal_publisher/share/examples_rclcpp_minimal_publisher/local_setup.zsh
[7.234s] -- Up-to-date symlink: /home/aman/ros2_ws/install/examples_rclcpp_minimal_publisher/share/examples_rclcpp_minimal_publisher/local_setup.dsv
[7.234s] -- Symlinking: /home/aman/ros2_ws/install/examples_rclcpp_minimal_publisher/share/examples_rclcpp_minimal_publisher/package.dsv
[7.246s] -- Up-to-date symlink: /home/aman/ros2_ws/install/examples_rclcpp_minimal_publisher/share/ament_index/resource_index/packages/examples_rclcpp_minimal_publisher
[7.246s] -- Up-to-date symlink: /home/aman/ros2_ws/install/examples_rclcpp_minimal_publisher/share/examples_rclcpp_minimal_publisher/cmake/examples_rclcpp_minimal_publisherConfig.cmake
[7.247s] -- Up-to-date symlink: /home/aman/ros2_ws/install/examples_rclcpp_minimal_publisher/share/examples_rclcpp_minimal_publisher/cmake/examples_rclcpp_minimal_publisherConfig-version.cmake
[7.247s] -- Up-to-date symlink: /home/aman/ros2_ws/install/examples_rclcpp_minimal_publisher/share/examples_rclcpp_minimal_publisher/package.xml
[7.251s] Invoked command in '/home/aman/ros2_ws/build/examples_rclcpp_minimal_publisher' returned '0': CMAKE_PREFIX_PATH=${CMAKE_PREFIX_PATH}:/home/aman/install/launch_testing_examples:/home/aman/install/examples_rclpy_pointcloud_publisher:/home/aman/install/examples_rclpy_minimal_subscriber:/home/aman/install/examples_rclpy_minimal_service:/home/aman/install/examples_rclpy_minimal_publisher:/home/aman/install/examples_rclpy_minimal_client:/home/aman/install/examples_rclpy_minimal_action_server:/home/aman/install/examples_rclpy_minimal_action_client:/home/aman/install/examples_rclpy_guard_conditions:/home/aman/install/examples_rclpy_executors:/opt/ros/humble /usr/bin/cmake --install /home/aman/ros2_ws/build/examples_rclcpp_minimal_publisher
