[0.049s] Invoking command in '/home/aman/ros2_ws/build/examples_rclcpp_minimal_publisher': CMAKE_PREFIX_PATH=/opt/ros/humble /usr/bin/cmake /home/aman/ros2_ws/src/examples/rclcpp/topics/minimal_publisher -DAMENT_CMAKE_SYMLINK_INSTALL=1 -DCMAKE_INSTALL_PREFIX=/home/aman/ros2_ws/install/examples_rclcpp_minimal_publisher
[1.234s] -- The C compiler identification is GNU 11.4.0
[1.234s] -- The CXX compiler identification is GNU 11.4.0
[1.234s] -- Detecting C compiler ABI info
[1.234s] -- Detecting C compiler ABI info - done
[1.234s] -- Check for working C compiler: /usr/bin/cc - skipped
[1.235s] -- Detecting C compile features
[1.235s] -- Detecting C compile features - done
[1.235s] -- Detecting CXX compiler ABI info
[1.235s] -- Detecting CXX compiler ABI info - done
[1.235s] -- Check for working CXX compiler: /usr/bin/c++ - skipped
[1.235s] -- Detecting CXX compile features
[1.235s] -- Detecting CXX compile features - done
[1.235s] -- Found ament_cmake: 1.3.9 (/opt/ros/humble/share/ament_cmake/cmake)
[1.235s] -- Found Python3: /usr/bin/python3 (found version "3.10.12") found components: Interpreter 
[1.235s] -- Override CMake install command with custom implementation using symlinks instead of copying resources
[1.235s] -- Found rclcpp: 16.0.9 (/opt/ros/humble/share/rclcpp/cmake)
[1.235s] -- Found rosidl_generator_c: 3.1.5 (/opt/ros/humble/share/rosidl_generator_c/cmake)
[1.236s] -- Found rosidl_adapter: 3.1.5 (/opt/ros/humble/share/rosidl_adapter/cmake)
[1.236s] -- Found rosidl_generator_cpp: 3.1.5 (/opt/ros/humble/share/rosidl_generator_cpp/cmake)
[1.236s] -- Using all available rosidl_typesupport_c: rosidl_typesupport_fastrtps_c;rosidl_typesupport_introspection_c
[1.236s] -- Using all available rosidl_typesupport_cpp: rosidl_typesupport_fastrtps_cpp;rosidl_typesupport_introspection_cpp
[1.236s] -- Found rmw_implementation_cmake: 6.1.2 (/opt/ros/humble/share/rmw_implementation_cmake/cmake)
[1.236s] -- Found rmw_fastrtps_cpp: 6.2.6 (/opt/ros/humble/share/rmw_fastrtps_cpp/cmake)
[1.236s] -- Found OpenSSL: /usr/lib/x86_64-linux-gnu/libcrypto.so (found version "3.0.2")  
[1.236s] -- Found FastRTPS: /opt/ros/humble/include  
[1.236s] -- Using RMW implementation 'rmw_fastrtps_cpp' as default
[1.236s] -- Looking for pthread.h
[1.236s] -- Looking for pthread.h - found
[1.236s] -- Performing Test CMAKE_HAVE_LIBC_PTHREAD
[1.246s] -- Performing Test CMAKE_HAVE_LIBC_PTHREAD - Success
[1.246s] -- Found Threads: TRUE  
[1.546s] -- Found ament_lint_auto: 0.12.11 (/opt/ros/humble/share/ament_lint_auto/cmake)
[1.687s] -- Added test 'copyright' to check source files copyright and LICENSE
[1.689s] -- Added test 'cppcheck' to perform static code analysis on C / C++ code
[1.689s] -- Configured cppcheck include dirs: 
[1.689s] -- Configured cppcheck exclude dirs and/or files: 
[1.691s] -- Added test 'cpplint' to check C / C++ code against the Google style
[1.691s] -- Configured cpplint exclude dirs and/or files: 
[1.692s] -- Added test 'lint_cmake' to check CMake code style
[1.693s] -- Added test 'uncrustify' to check C / C++ code style
[1.694s] -- Configured uncrustify additional arguments: 
[1.694s] -- Added test 'xmllint' to check XML markup files
[1.696s] -- Configuring done
[1.728s] -- Generating done
[1.732s] -- Build files have been written to: /home/aman/ros2_ws/build/examples_rclcpp_minimal_publisher
[1.745s] Invoked command in '/home/aman/ros2_ws/build/examples_rclcpp_minimal_publisher' returned '0': CMAKE_PREFIX_PATH=/opt/ros/humble /usr/bin/cmake /home/aman/ros2_ws/src/examples/rclcpp/topics/minimal_publisher -DAMENT_CMAKE_SYMLINK_INSTALL=1 -DCMAKE_INSTALL_PREFIX=/home/aman/ros2_ws/install/examples_rclcpp_minimal_publisher
[1.746s] Invoking command in '/home/aman/ros2_ws/build/examples_rclcpp_minimal_publisher': CMAKE_PREFIX_PATH=/opt/ros/humble /usr/bin/cmake --build /home/aman/ros2_ws/build/examples_rclcpp_minimal_publisher -- -j16 -l16
[1.882s] [  8%] [32mBuilding CXX object CMakeFiles/publisher_member_function.dir/member_function.cpp.o[0m
[1.883s] [ 16%] [32mBuilding CXX object CMakeFiles/publisher_lambda.dir/lambda.cpp.o[0m
[1.883s] [ 25%] [32mBuilding CXX object CMakeFiles/publisher_member_function_with_unique_network_flow_endpoints.dir/member_function_with_unique_network_flow_endpoints.cpp.o[0m
[1.901s] [ 33%] [32mBuilding CXX object CMakeFiles/publisher_wait_for_all_acked.dir/member_function_with_wait_for_all_acked.cpp.o[0m
[1.916s] [ 41%] [32mBuilding CXX object CMakeFiles/publisher_member_function_with_type_adapter.dir/member_function_with_type_adapter.cpp.o[0m
[1.968s] [ 50%] [32mBuilding CXX object CMakeFiles/publisher_not_composable.dir/not_composable.cpp.o[0m
